2026-01-20 10:21:35 - TodoListAPI - INFO - Mongodb connected successfully
2026-01-20 10:21:35 - TodoListAPI - INFO - ..............TodoList API Started.....................
2026-01-20 10:23:13 - TodoListAPI - INFO - ..............TodoList API Shutdown....................
2026-01-20 10:23:15 - TodoListAPI - INFO - Mongodb connected successfully
2026-01-20 10:23:15 - TodoListAPI - INFO - ..............TodoList API Started.....................
2026-01-20 10:42:45 - TodoListAPI - INFO - ..............TodoList API Shutdown....................
2026-01-20 12:13:55 - TodoListAPI - INFO - Mongodb connected successfully
2026-01-20 12:13:55 - TodoListAPI - INFO - ..............TodoList API Started.....................
2026-01-20 12:14:17 - TodoListAPI - INFO - Audit log stored successfully
2026-01-20 12:14:17 - TodoListAPI - INFO - TodoList Updated 6965cea438f0cad3aa249534
2026-01-20 12:26:29 - TodoListAPI - INFO - ..............TodoList API Shutdown....................
2026-01-20 12:26:31 - TodoListAPI - INFO - Mongodb connected successfully
2026-01-20 12:26:31 - TodoListAPI - INFO - ..............TodoList API Started.....................
2026-01-20 12:26:32 - TodoListAPI - INFO - ..............TodoList API Shutdown....................
2026-01-20 12:26:34 - TodoListAPI - INFO - Mongodb connected successfully
2026-01-20 12:26:34 - TodoListAPI - INFO - ..............TodoList API Started.....................
2026-01-20 12:30:03 - TodoListAPI - INFO - ..............TodoList API Shutdown....................
2026-01-20 12:30:05 - TodoListAPI - INFO - Mongodb connected successfully
2026-01-20 12:30:05 - TodoListAPI - INFO - ..............TodoList API Started.....................
2026-01-20 12:31:08 - TodoListAPI - INFO - ..............TodoList API Shutdown....................
2026-01-20 12:31:10 - TodoListAPI - INFO - Mongodb connected successfully
2026-01-20 12:31:10 - TodoListAPI - INFO - ..............TodoList API Started.....................
2026-01-20 12:34:27 - TodoListAPI - INFO - ..............TodoList API Shutdown....................
2026-01-20 12:34:29 - TodoListAPI - INFO - Mongodb connected successfully
2026-01-20 12:34:29 - TodoListAPI - INFO - ..............TodoList API Started.....................
2026-01-20 12:35:14 - TodoListAPI - INFO - ..............TodoList API Shutdown....................
2026-01-20 12:35:17 - TodoListAPI - INFO - Mongodb connected successfully
2026-01-20 12:35:17 - TodoListAPI - INFO - ..............TodoList API Started.....................
2026-01-20 12:36:14 - TodoListAPI - INFO - Manual trigger: Testing expiry update
2026-01-20 12:36:14 - TodoListAPI - INFO - Update incomplete notes to expire
2026-01-20 12:36:14 - TodoListAPI - INFO - Expired 0 incomplete tasks
2026-01-20 12:44:42 - TodoListAPI - INFO - Audit log stored successfully
2026-01-20 12:44:42 - TodoListAPI - INFO - Todo created successfully with noteid :696f2b62eebf5473008b8a06
2026-01-20 12:47:42 - TodoListAPI - INFO - Audit log stored successfully
2026-01-20 12:47:42 - TodoListAPI - INFO - Todo created successfully with noteid :696f2c16eebf5473008b8a08
2026-01-20 12:48:01 - TodoListAPI - INFO - Audit log stored successfully
2026-01-20 12:48:01 - TodoListAPI - ERROR - Error in updating noteid:'UpdateResult' object has no attribute 'get'
2026-01-20 12:52:09 - TodoListAPI - INFO - ..............TodoList API Shutdown....................
2026-01-20 12:52:11 - TodoListAPI - INFO - Mongodb connected successfully
2026-01-20 12:52:11 - TodoListAPI - INFO - ..............TodoList API Started.....................
2026-01-20 12:59:04 - TodoListAPI - INFO - Audit log stored successfully
2026-01-20 12:59:04 - TodoListAPI - ERROR - Error in updating noteid:'UpdateResult' object has no attribute 'get'
2026-01-20 12:59:20 - TodoListAPI - INFO - ..............TodoList API Shutdown....................
2026-01-20 12:59:22 - TodoListAPI - INFO - Mongodb connected successfully
2026-01-20 12:59:22 - TodoListAPI - INFO - ..............TodoList API Started.....................
2026-01-20 12:59:27 - TodoListAPI - INFO - Audit log stored successfully
2026-01-20 12:59:27 - TodoListAPI - ERROR - Error in updating noteid:'UpdateResult' object has no attribute 'get'
2026-01-20 13:08:14 - TodoListAPI - INFO - ..............TodoList API Shutdown....................
2026-01-20 13:08:16 - TodoListAPI - INFO - Mongodb connected successfully
2026-01-20 13:08:17 - TodoListAPI - INFO - ..............TodoList API Started.....................
2026-01-20 13:08:43 - TodoListAPI - INFO - ..............TodoList API Shutdown....................
2026-01-20 13:08:45 - TodoListAPI - INFO - Mongodb connected successfully
2026-01-20 13:08:45 - TodoListAPI - INFO - ..............TodoList API Started.....................
2026-01-20 13:08:49 - TodoListAPI - ERROR - Error in updating noteid:'dict' object has no attribute 'modified_count'
2026-01-20 13:09:35 - TodoListAPI - INFO - ..............TodoList API Shutdown....................
2026-01-20 13:09:37 - TodoListAPI - INFO - Mongodb connected successfully
2026-01-20 13:09:37 - TodoListAPI - INFO - ..............TodoList API Started.....................
2026-01-20 13:11:02 - TodoListAPI - INFO - ..............TodoList API Shutdown....................
2026-01-20 13:11:05 - TodoListAPI - INFO - Mongodb connected successfully
2026-01-20 13:11:05 - TodoListAPI - INFO - ..............TodoList API Started.....................
2026-01-20 13:11:09 - TodoListAPI - INFO - Audit log stored successfully
2026-01-20 13:11:11 - TodoListAPI - ERROR - Failed to send email: {e}
2026-01-20 13:49:47 - TodoListAPI - INFO - ..............TodoList API Shutdown....................
2026-01-20 13:49:49 - TodoListAPI - INFO - Mongodb connected successfully
2026-01-20 13:49:49 - TodoListAPI - INFO - ..............TodoList API Started.....................
2026-01-20 13:49:51 - TodoListAPI - INFO - Audit log stored successfully
2026-01-20 13:49:53 - TodoListAPI - ERROR - Failed to send email: (535, b'5.7.8 Username and Password not accepted. For more information, go to\n5.7.8  https://support.google.com/mail/?p=BadCredentials d9443c01a7336-2a7193decfcsm116145985ad.60 - gsmtp')
2026-01-20 13:59:19 - TodoListAPI - INFO - Audit log stored successfully
2026-01-20 13:59:21 - TodoListAPI - ERROR - Failed to send email: (535, b'5.7.8 Username and Password not accepted. For more information, go to\n5.7.8  https://support.google.com/mail/?p=BadCredentials d9443c01a7336-2a7190ab9cbsm117962065ad.14 - gsmtp')
2026-01-20 14:00:54 - TodoListAPI - INFO - ..............TodoList API Shutdown....................
2026-01-20 14:00:56 - TodoListAPI - INFO - Mongodb connected successfully
2026-01-20 14:00:56 - TodoListAPI - INFO - ..............TodoList API Started.....................
2026-01-20 14:00:59 - TodoListAPI - INFO - Audit log stored successfully
2026-01-20 14:01:01 - TodoListAPI - ERROR - Failed to send email: (535, b'5.7.8 Username and Password not accepted. For more information, go to\n5.7.8  https://support.google.com/mail/?p=BadCredentials d2e1a72fcca58-81fa1278460sm11386003b3a.38 - gsmtp')
2026-01-20 14:07:13 - TodoListAPI - INFO - ..............TodoList API Shutdown....................
2026-01-20 14:07:16 - TodoListAPI - INFO - Mongodb connected successfully
2026-01-20 14:07:16 - TodoListAPI - INFO - ..............TodoList API Started.....................
2026-01-20 14:07:31 - TodoListAPI - INFO - ..............TodoList API Shutdown....................
2026-01-20 14:07:33 - TodoListAPI - INFO - Mongodb connected successfully
2026-01-20 14:07:33 - TodoListAPI - INFO - ..............TodoList API Started.....................
2026-01-20 14:07:49 - TodoListAPI - INFO - Audit log stored successfully
2026-01-20 14:07:52 - TodoListAPI - INFO - Mail sent successfully
2026-01-20 14:10:55 - TodoListAPI - INFO - Manual trigger: Testing expiry update
2026-01-20 14:10:55 - TodoListAPI - INFO - Update incomplete notes to expire
2026-01-20 14:10:55 - TodoListAPI - INFO - Expired 1 incomplete tasks
2026-01-20 14:10:57 - TodoListAPI - INFO - Mail sent successfully
2026-01-20 14:12:15 - TodoListAPI - INFO - Audit log stored successfully
2026-01-20 14:12:15 - TodoListAPI - INFO - Todo created successfully with noteid :696f3fe7c80e79a68f6dcba4
2026-01-20 14:15:13 - TodoListAPI - INFO - Manual trigger: Testing expiry update
2026-01-20 14:15:13 - TodoListAPI - INFO - Update incomplete notes to expire
2026-01-20 14:15:13 - TodoListAPI - INFO - Expired 2 incomplete tasks
2026-01-20 14:15:16 - TodoListAPI - INFO - Mail sent successfully
2026-01-20 14:15:19 - TodoListAPI - INFO - Mail sent successfully
2026-01-20 14:36:32 - TodoListAPI - INFO - ..............TodoList API Shutdown....................
2026-01-20 14:36:34 - TodoListAPI - INFO - Mongodb connected successfully
2026-01-20 14:36:34 - TodoListAPI - INFO - ..............TodoList API Started.....................
2026-01-20 14:39:21 - TodoListAPI - INFO - Audit log stored successfully
2026-01-20 14:39:21 - TodoListAPI - INFO - Todo created successfully with noteid :696f4641606445fe0a629581
2026-01-20 14:40:35 - TodoListAPI - INFO - Audit log stored successfully
2026-01-20 14:40:35 - TodoListAPI - INFO - Todo created successfully with noteid :696f468b606445fe0a629583
2026-01-20 14:41:06 - TodoListAPI - INFO - Audit log stored successfully
2026-01-20 14:41:06 - TodoListAPI - INFO - Todo created successfully with noteid :696f46aa606445fe0a629585
2026-01-20 14:43:54 - TodoListAPI - INFO - Audit log stored successfully
2026-01-20 14:43:54 - TodoListAPI - INFO - Date updated successfully for note 696f46aa606445fe0a629585 to 2026-01-21
2026-01-20 14:44:04 - TodoListAPI - WARNING - Attempt to update the current date from today ,2026-01-19
2026-01-20 14:44:11 - TodoListAPI - INFO - Audit log stored successfully
2026-01-20 14:44:11 - TodoListAPI - INFO - Date updated successfully for note 696f46aa606445fe0a629585 to 2026-01-20
2026-01-20 14:46:26 - TodoListAPI - INFO - Audit log stored successfully
2026-01-20 14:46:29 - TodoListAPI - INFO - Mail sent successfully
2026-01-20 14:47:39 - TodoListAPI - INFO - ..............TodoList API Shutdown....................
2026-01-20 14:47:41 - TodoListAPI - INFO - Mongodb connected successfully
2026-01-20 14:47:41 - TodoListAPI - INFO - ..............TodoList API Started.....................
2026-01-20 14:51:16 - TodoListAPI - INFO - ..............TodoList API Shutdown....................
2026-01-20 14:51:18 - TodoListAPI - INFO - Mongodb connected successfully
2026-01-20 14:51:18 - TodoListAPI - INFO - ..............TodoList API Started.....................
2026-01-20 14:52:05 - TodoListAPI - INFO - ..............TodoList API Shutdown....................
2026-01-20 14:52:07 - TodoListAPI - INFO - Mongodb connected successfully
2026-01-20 14:52:07 - TodoListAPI - INFO - ..............TodoList API Started.....................
2026-01-20 14:52:24 - TodoListAPI - INFO - Audit log stored successfully
2026-01-20 14:52:27 - TodoListAPI - INFO - Mail sent successfully
2026-01-20 14:53:42 - TodoListAPI - INFO - Fetching logs for note_id: 696f2c16eebf5473008b8a08
2026-01-20 14:54:48 - TodoListAPI - INFO - ..............TodoList API Shutdown....................
2026-01-20 14:54:50 - TodoListAPI - INFO - Mongodb connected successfully
2026-01-20 14:54:50 - TodoListAPI - INFO - ..............TodoList API Started.....................
2026-01-20 14:57:59 - TodoListAPI - INFO - Audit log stored successfully
2026-01-20 14:57:59 - TodoListAPI - INFO - Audit log stored successfully
2026-01-20 14:57:59 - TodoListAPI - INFO - Many notes deleted successfully
2026-01-20 14:58:35 - TodoListAPI - WARNING - No note found with ID: 696f46aa606445fe0a629585
2026-01-20 15:00:02 - TodoListAPI - INFO - Audit log stored successfully
2026-01-20 15:00:02 - TodoListAPI - INFO - Date updated successfully for note 696f46aa606445fe0a629585 to 2026-01-22
2026-01-20 15:00:11 - TodoListAPI - WARNING - Attempt to update the current date from today ,2026-01-18
2026-01-20 15:00:36 - TodoListAPI - INFO - Audit log stored successfully
2026-01-20 15:00:39 - TodoListAPI - INFO - Mail sent successfully
2026-01-20 15:45:37 - TodoListAPI - INFO - ..............TodoList API Shutdown....................
2026-01-20 18:15:19 - TodoListAPI - INFO - Mongodb connected successfully
2026-01-20 18:15:19 - TodoListAPI - INFO - ..............TodoList API Started.....................
2026-01-20 18:17:29 - TodoListAPI - INFO - ..............TodoList API Shutdown....................
2026-01-20 18:17:31 - TodoListAPI - INFO - Mongodb connected successfully
2026-01-20 18:17:32 - TodoListAPI - INFO - ..............TodoList API Started.....................
2026-01-20 18:17:40 - TodoListAPI - INFO - ..............TodoList API Shutdown....................
2026-01-20 18:17:41 - TodoListAPI - INFO - Mongodb connected successfully
2026-01-20 18:17:42 - TodoListAPI - INFO - ..............TodoList API Started.....................
2026-01-20 18:19:08 - TodoListAPI - INFO - ..............TodoList API Shutdown....................
2026-01-20 18:19:10 - TodoListAPI - INFO - Mongodb connected successfully
2026-01-20 18:19:10 - TodoListAPI - INFO - ..............TodoList API Started.....................
2026-01-20 18:19:15 - TodoListAPI - ERROR - error :password cannot be longer than 72 bytes, truncate manually if necessary (e.g. my_password[:72])
2026-01-20 18:27:50 - TodoListAPI - ERROR - error :password cannot be longer than 72 bytes, truncate manually if necessary (e.g. my_password[:72])
2026-01-20 18:31:33 - TodoListAPI - INFO - ..............TodoList API Shutdown....................
2026-01-20 18:31:35 - TodoListAPI - INFO - Mongodb connected successfully
2026-01-20 18:31:35 - TodoListAPI - INFO - ..............TodoList API Started.....................
2026-01-20 18:31:45 - TodoListAPI - ERROR - error :password cannot be longer than 72 bytes, truncate manually if necessary (e.g. my_password[:72])
2026-01-20 18:40:11 - TodoListAPI - INFO - ..............TodoList API Shutdown....................
2026-01-20 18:40:13 - TodoListAPI - INFO - Mongodb connected successfully
2026-01-20 18:40:13 - TodoListAPI - INFO - ..............TodoList API Started.....................
2026-01-20 18:40:19 - TodoListAPI - INFO - ..............TodoList API Shutdown....................
