2026-01-21 12:15:36 - TodoListAPI - INFO - Mongodb connected successfully
2026-01-21 12:16:39 - TodoListAPI - INFO - Mongodb connected successfully
2026-01-21 12:20:01 - TodoListAPI - INFO - Mongodb connected successfully
2026-01-21 12:22:23 - TodoListAPI - INFO - Mongodb connected successfully
2026-01-21 12:22:23 - TodoListAPI - INFO - ..............TodoList API Started.....................
2026-01-21 12:22:38 - TodoListAPI - INFO - ..............TodoList API Shutdown....................
2026-01-21 12:22:40 - TodoListAPI - INFO - Mongodb connected successfully
2026-01-21 12:22:40 - TodoListAPI - INFO - ..............TodoList API Started.....................
2026-01-21 12:30:45 - TodoListAPI - INFO - ..............TodoList API Shutdown....................
2026-01-21 12:30:47 - TodoListAPI - INFO - Mongodb connected successfully
2026-01-21 12:30:47 - TodoListAPI - INFO - ..............TodoList API Started.....................
2026-01-21 12:52:41 - TodoListAPI - INFO - ..............TodoList API Shutdown....................
2026-01-21 12:52:44 - TodoListAPI - INFO - Mongodb connected successfully
2026-01-21 12:52:44 - TodoListAPI - INFO - ..............TodoList API Started.....................
2026-01-21 12:56:42 - TodoListAPI - INFO - ..............TodoList API Shutdown....................
2026-01-21 12:56:44 - TodoListAPI - INFO - Mongodb connected successfully
2026-01-21 12:56:44 - TodoListAPI - INFO - ..............TodoList API Started.....................
2026-01-21 12:57:54 - TodoListAPI - INFO - ..............TodoList API Shutdown....................
2026-01-21 12:57:56 - TodoListAPI - INFO - Mongodb connected successfully
2026-01-21 12:57:57 - TodoListAPI - INFO - ..............TodoList API Started.....................
2026-01-21 13:00:58 - TodoListAPI - INFO - ..............TodoList API Shutdown....................
2026-01-21 13:01:00 - TodoListAPI - INFO - Mongodb connected successfully
2026-01-21 13:01:00 - TodoListAPI - INFO - ..............TodoList API Started.....................
2026-01-21 13:47:29 - TodoListAPI - INFO - ..............TodoList API Shutdown....................
2026-01-21 13:47:32 - TodoListAPI - INFO - Mongodb connected successfully
2026-01-21 13:47:32 - TodoListAPI - INFO - ..............TodoList API Started.....................
2026-01-21 13:51:01 - TodoListAPI - INFO - ..............TodoList API Shutdown....................
2026-01-21 13:51:03 - TodoListAPI - INFO - Mongodb connected successfully
2026-01-21 13:51:03 - TodoListAPI - INFO - ..............TodoList API Started.....................
2026-01-21 13:56:54 - TodoListAPI - INFO - ..............TodoList API Shutdown....................
2026-01-21 14:04:41 - TodoListAPI - INFO - Mongodb connected successfully
2026-01-21 14:04:41 - TodoListAPI - INFO - ..............TodoList API Started.....................
2026-01-21 14:05:16 - TodoListAPI - WARNING - Signup failed: User already exists - sanjay6022003@gmail.com
2026-01-21 14:07:45 - TodoListAPI - INFO - ..............TodoList API Shutdown....................
2026-01-21 14:07:47 - TodoListAPI - INFO - Mongodb connected successfully
2026-01-21 14:07:47 - TodoListAPI - INFO - ..............TodoList API Started.....................
2026-01-21 14:08:40 - TodoListAPI - INFO - Fetching logs for note_id: 696f2c16eebf5473008b8a08
2026-01-21 14:10:10 - TodoListAPI - INFO - ..............TodoList API Shutdown....................
2026-01-21 14:10:12 - TodoListAPI - INFO - Mongodb connected successfully
2026-01-21 14:10:12 - TodoListAPI - INFO - ..............TodoList API Started.....................
2026-01-21 14:12:45 - TodoListAPI - WARNING - Signup failed: User already exists - sanjay.r.babu@gmail.com
2026-01-21 14:13:15 - TodoListAPI - INFO - ..............TodoList API Shutdown....................
2026-01-21 14:13:17 - TodoListAPI - INFO - Mongodb connected successfully
2026-01-21 14:13:17 - TodoListAPI - INFO - ..............TodoList API Started.....................
2026-01-21 14:13:25 - TodoListAPI - WARNING - Signup failed: User already exists - sanjay.r.babu@gmail.com
2026-01-21 14:17:30 - TodoListAPI - INFO - ..............TodoList API Shutdown....................
2026-01-21 14:17:32 - TodoListAPI - INFO - Mongodb connected successfully
2026-01-21 14:17:32 - TodoListAPI - INFO - ..............TodoList API Started.....................
2026-01-21 14:18:40 - TodoListAPI - INFO - ..............TodoList API Shutdown....................
2026-01-21 14:18:42 - TodoListAPI - INFO - Mongodb connected successfully
2026-01-21 14:18:42 - TodoListAPI - INFO - ..............TodoList API Started.....................
2026-01-21 14:19:08 - TodoListAPI - INFO - ..............TodoList API Shutdown....................
2026-01-21 14:19:10 - TodoListAPI - INFO - Mongodb connected successfully
2026-01-21 14:19:10 - TodoListAPI - INFO - ..............TodoList API Started.....................
2026-01-21 14:22:14 - TodoListAPI - INFO - ..............TodoList API Shutdown....................
2026-01-21 14:22:16 - TodoListAPI - INFO - Mongodb connected successfully
2026-01-21 14:22:16 - TodoListAPI - INFO - ..............TodoList API Started.....................
2026-01-21 14:24:36 - TodoListAPI - INFO - ..............TodoList API Shutdown....................
2026-01-21 14:24:38 - TodoListAPI - INFO - Mongodb connected successfully
2026-01-21 14:24:38 - TodoListAPI - INFO - ..............TodoList API Started.....................
2026-01-21 14:24:43 - TodoListAPI - INFO - ..............TodoList API Shutdown....................
2026-01-21 14:24:45 - TodoListAPI - INFO - Mongodb connected successfully
2026-01-21 14:24:45 - TodoListAPI - INFO - ..............TodoList API Started.....................
2026-01-21 14:24:46 - TodoListAPI - ERROR - Error creating user: password cannot be longer than 72 bytes, truncate manually if necessary (e.g. my_password[:72])
2026-01-21 14:24:46 - TodoListAPI - ERROR - Signup error: cannot access local variable 'e' where it is not associated with a value
2026-01-21 14:29:57 - TodoListAPI - INFO - ..............TodoList API Shutdown....................
2026-01-21 14:29:59 - TodoListAPI - INFO - Mongodb connected successfully
2026-01-21 14:30:01 - TodoListAPI - INFO - Mongodb connected successfully
2026-01-21 14:33:03 - TodoListAPI - INFO - Mongodb connected successfully
2026-01-21 14:33:42 - TodoListAPI - INFO - Mongodb connected successfully
2026-01-21 14:33:58 - TodoListAPI - INFO - Mongodb connected successfully
2026-01-21 14:36:30 - TodoListAPI - INFO - Mongodb connected successfully
2026-01-21 14:37:12 - TodoListAPI - INFO - Mongodb connected successfully
2026-01-21 14:37:42 - TodoListAPI - INFO - Mongodb connected successfully
2026-01-21 14:37:42 - TodoListAPI - INFO - ..............TodoList API Started.....................
2026-01-21 14:37:53 - TodoListAPI - INFO - ..............TodoList API Shutdown....................
2026-01-21 14:37:55 - TodoListAPI - INFO - Mongodb connected successfully
2026-01-21 14:37:56 - TodoListAPI - INFO - ..............TodoList API Started.....................
2026-01-21 14:38:40 - TodoListAPI - ERROR - Error creating user: password cannot be longer than 72 bytes, truncate manually if necessary (e.g. my_password[:72])
2026-01-21 14:38:40 - TodoListAPI - ERROR - Signup error: cannot access local variable 'e' where it is not associated with a value
2026-01-21 14:39:34 - TodoListAPI - INFO - ..............TodoList API Shutdown....................
2026-01-21 14:39:36 - TodoListAPI - INFO - Mongodb connected successfully
2026-01-21 14:39:36 - TodoListAPI - INFO - ..............TodoList API Started.....................
2026-01-21 14:39:39 - TodoListAPI - ERROR - Error creating user: password cannot be longer than 72 bytes, truncate manually if necessary (e.g. my_password[:72])
2026-01-21 14:39:39 - TodoListAPI - ERROR - Signup error: cannot access local variable 'e' where it is not associated with a value
2026-01-21 14:41:09 - TodoListAPI - INFO - ..............TodoList API Shutdown....................
2026-01-21 14:53:10 - TodoListAPI - INFO - Mongodb connected successfully
2026-01-21 14:54:04 - TodoListAPI - INFO - Mongodb connected successfully
2026-01-21 14:54:05 - TodoListAPI - INFO - ..............TodoList API Started.....................
2026-01-21 14:55:09 - TodoListAPI - INFO - ..............TodoList API Shutdown....................
2026-01-21 14:55:11 - TodoListAPI - INFO - Mongodb connected successfully
2026-01-21 14:55:11 - TodoListAPI - INFO - ..............TodoList API Started.....................
2026-01-21 14:55:21 - TodoListAPI - INFO - User created successfully: sanjay.r.babu@gmail.com
2026-01-21 14:55:21 - TodoListAPI - INFO - User signed up successfully: sanjay.r.babu@gmail.com
2026-01-21 14:57:03 - TodoListAPI - INFO - ..............TodoList API Shutdown....................
2026-01-21 14:57:05 - TodoListAPI - INFO - Mongodb connected successfully
2026-01-21 14:57:05 - TodoListAPI - INFO - ..............TodoList API Started.....................
2026-01-21 15:09:57 - TodoListAPI - INFO - ..............TodoList API Shutdown....................
2026-01-21 15:10:00 - TodoListAPI - INFO - Mongodb connected successfully
2026-01-21 15:10:00 - TodoListAPI - INFO - ..............TodoList API Started.....................
2026-01-21 15:10:07 - TodoListAPI - INFO - User authenticated successfully: sanjay6022003@gmail.com
2026-01-21 15:10:07 - TodoListAPI - INFO - User logged in successfully: sanjay6022003@gmail.com
2026-01-21 15:20:58 - TodoListAPI - INFO - ..............TodoList API Shutdown....................
2026-01-21 15:21:00 - TodoListAPI - INFO - Mongodb connected successfully
2026-01-21 15:21:00 - TodoListAPI - INFO - ..............TodoList API Started.....................
2026-01-21 15:26:13 - TodoListAPI - INFO - ..............TodoList API Shutdown....................
2026-01-21 15:26:15 - TodoListAPI - INFO - Mongodb connected successfully
2026-01-21 15:26:15 - TodoListAPI - INFO - ..............TodoList API Started.....................
2026-01-21 15:26:37 - TodoListAPI - INFO - ..............TodoList API Shutdown....................
2026-01-21 15:26:40 - TodoListAPI - INFO - Mongodb connected successfully
2026-01-21 15:26:40 - TodoListAPI - INFO - ..............TodoList API Started.....................
2026-01-21 15:26:51 - TodoListAPI - INFO - ..............TodoList API Shutdown....................
2026-01-21 15:26:53 - TodoListAPI - INFO - Mongodb connected successfully
2026-01-21 15:26:53 - TodoListAPI - INFO - ..............TodoList API Started.....................
2026-01-21 15:35:46 - TodoListAPI - ERROR - Token verification error: type object 'UserAuth' has no attribute 'SECRET_KEY'
2026-01-21 15:35:46 - TodoListAPI - ERROR - Error in creating notes 'set' object has no attribute 'user_id'
2026-01-21 15:36:08 - TodoListAPI - ERROR - Token verification error: type object 'UserAuth' has no attribute 'SECRET_KEY'
2026-01-21 15:36:08 - TodoListAPI - ERROR - Error in creating notes 'set' object has no attribute 'user_id'
2026-01-21 15:41:30 - TodoListAPI - INFO - ..............TodoList API Shutdown....................
2026-01-21 15:41:32 - TodoListAPI - INFO - Mongodb connected successfully
2026-01-21 15:41:33 - TodoListAPI - INFO - ..............TodoList API Started.....................
2026-01-21 15:41:33 - TodoListAPI - ERROR - Token verification error: type object 'UserAuth' has no attribute 'SECRET_KEY'
2026-01-21 15:41:33 - TodoListAPI - ERROR - Error in creating notes 'set' object has no attribute 'user_id'
2026-01-21 15:47:54 - TodoListAPI - ERROR - Token verification error: type object 'UserAuth' has no attribute 'SECRET_KEY'
2026-01-21 15:47:54 - TodoListAPI - ERROR - Error in creating notes 'set' object has no attribute 'user_id'
2026-01-21 15:50:35 - TodoListAPI - INFO - ..............TodoList API Shutdown....................
2026-01-21 15:50:37 - TodoListAPI - INFO - Mongodb connected successfully
2026-01-21 15:50:37 - TodoListAPI - INFO - ..............TodoList API Started.....................
2026-01-21 15:50:45 - TodoListAPI - ERROR - Token verification error: type object 'UserAuth' has no attribute 'SECRET_KEY'
2026-01-21 15:50:45 - TodoListAPI - ERROR - Error in creating notes 'set' object has no attribute 'user_id'
2026-01-21 15:51:38 - TodoListAPI - INFO - ..............TodoList API Shutdown....................
2026-01-21 15:51:40 - TodoListAPI - INFO - Mongodb connected successfully
2026-01-21 15:51:41 - TodoListAPI - INFO - ..............TodoList API Started.....................
2026-01-21 15:52:12 - TodoListAPI - INFO - ..............TodoList API Shutdown....................
2026-01-21 15:52:14 - TodoListAPI - INFO - Mongodb connected successfully
2026-01-21 15:52:14 - TodoListAPI - INFO - ..............TodoList API Started.....................
2026-01-21 15:52:15 - TodoListAPI - ERROR - Token verification error: type object 'UserAuth' has no attribute 'SECRET_KEY'
2026-01-21 15:52:15 - TodoListAPI - ERROR - Error in creating notes 'set' object has no attribute 'user_id'
2026-01-21 16:03:58 - TodoListAPI - INFO - ..............TodoList API Shutdown....................
2026-01-21 16:04:00 - TodoListAPI - INFO - Mongodb connected successfully
2026-01-21 16:04:00 - TodoListAPI - INFO - ..............TodoList API Started.....................
2026-01-21 16:04:05 - TodoListAPI - ERROR - Token verification error: type object 'UserAuth' has no attribute 'SECRET_KEY'
2026-01-21 16:04:05 - TodoListAPI - ERROR - Error in creating notes 'set' object has no attribute 'user_id'
2026-01-21 16:07:57 - TodoListAPI - INFO - ..............TodoList API Shutdown....................
2026-01-21 16:07:59 - TodoListAPI - INFO - Mongodb connected successfully
2026-01-21 16:07:59 - TodoListAPI - INFO - ..............TodoList API Started.....................
2026-01-21 16:08:04 - TodoListAPI - INFO - ..............TodoList API Shutdown....................
2026-01-21 16:08:06 - TodoListAPI - INFO - Mongodb connected successfully
2026-01-21 16:08:06 - TodoListAPI - INFO - ..............TodoList API Started.....................
2026-01-21 16:08:21 - TodoListAPI - INFO - ..............TodoList API Shutdown....................
2026-01-21 16:09:35 - TodoListAPI - INFO - Mongodb connected successfully
2026-01-21 16:09:36 - TodoListAPI - INFO - ..............TodoList API Started.....................
2026-01-21 16:09:45 - TodoListAPI - ERROR - JWT verification failed: Signature verification failed.
2026-01-21 16:09:45 - TodoListAPI - ERROR - Error in creating notes 401: Invalid or expired token
2026-01-21 16:20:30 - TodoListAPI - INFO - ..............TodoList API Shutdown....................
2026-01-21 16:22:23 - TodoListAPI - INFO - Mongodb connected successfully
2026-01-21 16:22:23 - TodoListAPI - INFO - ..............TodoList API Started.....................
2026-01-21 16:24:19 - TodoListAPI - ERROR - JWT verification failed: Signature verification failed.
2026-01-21 16:24:19 - TodoListAPI - ERROR - Error in creating notes 401: Invalid or expired token
2026-01-21 16:24:47 - TodoListAPI - INFO - User authenticated successfully: sanjay6022003@gmail.com
2026-01-21 16:24:47 - TodoListAPI - INFO - User logged in successfully: sanjay6022003@gmail.com
2026-01-21 16:25:36 - TodoListAPI - ERROR - JWT verification failed: Signature verification failed.
2026-01-21 16:25:36 - TodoListAPI - ERROR - Error in creating notes 401: Invalid or expired token
2026-01-21 16:28:07 - TodoListAPI - ERROR - JWT verification failed: Signature verification failed.
2026-01-21 16:28:07 - TodoListAPI - ERROR - Error in creating notes 401: Invalid or expired token
2026-01-21 16:29:10 - TodoListAPI - ERROR - JWT verification failed: Signature verification failed.
2026-01-21 16:29:10 - TodoListAPI - ERROR - Error in creating notes 401: Invalid or expired token
2026-01-21 16:31:28 - TodoListAPI - ERROR - JWT verification failed: Signature verification failed.
2026-01-21 16:31:28 - TodoListAPI - ERROR - Error in creating notes 401: Invalid or expired token
2026-01-21 16:33:26 - TodoListAPI - INFO - ..............TodoList API Shutdown....................
2026-01-21 16:33:28 - TodoListAPI - INFO - Mongodb connected successfully
2026-01-21 16:33:28 - TodoListAPI - INFO - ..............TodoList API Started.....................
2026-01-21 16:33:58 - TodoListAPI - ERROR - JWT verification failed: The specified alg value is not allowed
2026-01-21 16:33:58 - TodoListAPI - ERROR - Error in creating notes 401: Invalid or expired token
2026-01-21 16:34:04 - TodoListAPI - INFO - ..............TodoList API Shutdown....................
2026-01-21 16:34:06 - TodoListAPI - INFO - Mongodb connected successfully
2026-01-21 16:34:06 - TodoListAPI - INFO - ..............TodoList API Started.....................
2026-01-21 16:34:07 - TodoListAPI - ERROR - JWT verification failed: The specified alg value is not allowed
2026-01-21 16:34:07 - TodoListAPI - ERROR - Error in creating notes 401: Invalid or expired token
2026-01-21 16:36:49 - TodoListAPI - INFO - ..............TodoList API Shutdown....................
2026-01-21 16:39:28 - TodoListAPI - INFO - Mongodb connected successfully
2026-01-21 16:39:28 - TodoListAPI - INFO - ..............TodoList API Started.....................
2026-01-21 16:39:42 - TodoListAPI - ERROR - JWT verification failed: The specified alg value is not allowed
2026-01-21 16:39:42 - TodoListAPI - ERROR - Error in creating notes 401: Invalid or expired token
2026-01-21 16:40:20 - TodoListAPI - INFO - ..............TodoList API Shutdown....................
2026-01-21 16:40:22 - TodoListAPI - INFO - Mongodb connected successfully
2026-01-21 16:40:22 - TodoListAPI - INFO - ..............TodoList API Started.....................
2026-01-21 16:41:07 - TodoListAPI - INFO - ..............TodoList API Shutdown....................
2026-01-21 16:41:09 - TodoListAPI - INFO - Mongodb connected successfully
2026-01-21 16:41:09 - TodoListAPI - INFO - ..............TodoList API Started.....................
2026-01-21 16:41:26 - TodoListAPI - ERROR - JWT verification failed: Signature verification failed.
2026-01-21 16:41:26 - TodoListAPI - ERROR - Error in creating notes 401: Invalid or expired token
2026-01-21 16:41:55 - TodoListAPI - INFO - ..............TodoList API Shutdown....................
2026-01-21 16:41:57 - TodoListAPI - INFO - Mongodb connected successfully
2026-01-21 16:41:57 - TodoListAPI - INFO - ..............TodoList API Started.....................
2026-01-21 16:42:30 - TodoListAPI - INFO - ..............TodoList API Shutdown....................
2026-01-21 16:42:33 - TodoListAPI - INFO - Mongodb connected successfully
2026-01-21 16:42:33 - TodoListAPI - INFO - ..............TodoList API Started.....................
2026-01-21 16:43:37 - TodoListAPI - INFO - User created successfully: sanjay.r.babu@gmail.com
2026-01-21 16:43:37 - TodoListAPI - INFO - User signed up successfully: sanjay.r.babu@gmail.com
2026-01-21 16:44:05 - TodoListAPI - INFO - Audit log stored successfully
2026-01-21 16:44:05 - TodoListAPI - INFO - Todo created successfully with noteid: 6970b4fc24885a6a1f067e8c for user: sanjay.r.babu@gmail.com
2026-01-21 16:46:57 - TodoListAPI - INFO - User created successfully: sanjay6022003@gmail.com
2026-01-21 16:46:57 - TodoListAPI - INFO - User signed up successfully: sanjay6022003@gmail.com
2026-01-21 16:51:05 - TodoListAPI - INFO - Audit log stored successfully
2026-01-21 16:51:05 - TodoListAPI - INFO - Todo created successfully with noteid: 6970b6a124885a6a1f067e8f for user: sanjay6022003@gmail.com
2026-01-21 16:51:59 - TodoListAPI - INFO - Audit log stored successfully
2026-01-21 16:51:59 - TodoListAPI - ERROR - Error in updating status for note 6970b6a124885a6a1f067e8f: type object 'EmailService' has no attribute 'send_status_change_email'
2026-01-21 16:54:50 - TodoListAPI - INFO - ..............TodoList API Shutdown....................
2026-01-21 16:54:53 - TodoListAPI - INFO - Mongodb connected successfully
2026-01-21 16:54:53 - TodoListAPI - INFO - ..............TodoList API Started.....................
2026-01-21 16:54:53 - TodoListAPI - INFO - Audit log stored successfully
2026-01-21 16:54:54 - TodoListAPI - INFO - TodoList status updated 6970b6a124885a6a1f067e8f to  inprogress
2026-01-21 16:54:58 - TodoListAPI - INFO - Email sent successfully to sanjay6022003@gmail.com
2026-01-21 18:16:27 - TodoListAPI - INFO - ..............TodoList API Shutdown....................
2026-01-21 18:16:29 - TodoListAPI - INFO - Mongodb connected successfully
2026-01-21 18:16:29 - TodoListAPI - INFO - ..............TodoList API Started.....................
2026-01-22 10:40:21 - TodoListAPI - INFO - ..............TodoList API Shutdown....................
