2026-01-19 10:02:05 - TodoListAPI - INFO - Mongodb connected successfully
2026-01-19 10:02:05 - TodoListAPI - INFO - ..............TodoList API Started.....................
2026-01-19 10:03:31 - TodoListAPI - INFO - Retrieved total 2 logs
2026-01-19 10:03:31 - TodoListAPI - INFO - Fetching all audit logs
2026-01-19 10:03:43 - TodoListAPI - INFO - Retrieved 1 logs for note_id: 6965cea438f0cad3aa249534
2026-01-19 10:03:43 - TodoListAPI - INFO - Fetching logs for note_id: 6965cea438f0cad3aa249534
2026-01-19 10:26:26 - TodoListAPI - INFO - details stored in log in mongoDB
2026-01-19 10:26:26 - TodoListAPI - INFO - Todo created successfully with noteid :696db97aebec65668d9152d6
2026-01-19 10:26:35 - TodoListAPI - INFO - Retrieved total 3 logs
2026-01-19 10:26:35 - TodoListAPI - INFO - Fetching all audit logs
2026-01-19 10:26:54 - TodoListAPI - INFO - Retrieved 1 logs for note_id: 696db97aebec65668d9152d6
2026-01-19 10:26:54 - TodoListAPI - INFO - Fetching logs for note_id: 696db97aebec65668d9152d6
2026-01-19 10:31:20 - TodoListAPI - INFO - ..............TodoList API Shutdown....................
2026-01-19 10:31:22 - TodoListAPI - INFO - Mongodb connected successfully
2026-01-19 10:31:23 - TodoListAPI - INFO - ..............TodoList API Started.....................
2026-01-19 10:31:26 - TodoListAPI - INFO - ..............TodoList API Shutdown....................
2026-01-19 10:31:28 - TodoListAPI - INFO - Mongodb connected successfully
2026-01-19 10:31:28 - TodoListAPI - INFO - ..............TodoList API Started.....................
2026-01-19 10:31:30 - TodoListAPI - INFO - ..............TodoList API Shutdown....................
2026-01-19 10:31:32 - TodoListAPI - INFO - Mongodb connected successfully
2026-01-19 10:31:32 - TodoListAPI - INFO - ..............TodoList API Started.....................
2026-01-19 10:31:38 - TodoListAPI - INFO - Retrieved 1 logs for note_id: 696db97aebec65668d9152d6
2026-01-19 10:31:38 - TodoListAPI - INFO - Fetching logs for note_id: 696db97aebec65668d9152d6
2026-01-19 10:31:43 - TodoListAPI - INFO - Retrieved total 3 logs
2026-01-19 10:31:43 - TodoListAPI - INFO - Fetching all audit logs
2026-01-19 10:36:59 - TodoListAPI - INFO - ..............TodoList API Shutdown....................
2026-01-19 10:37:02 - TodoListAPI - INFO - Mongodb connected successfully
2026-01-19 10:37:02 - TodoListAPI - INFO - ..............TodoList API Started.....................
2026-01-19 10:37:18 - TodoListAPI - INFO - ..............TodoList API Shutdown....................
2026-01-19 10:37:20 - TodoListAPI - INFO - Mongodb connected successfully
2026-01-19 10:37:20 - TodoListAPI - INFO - ..............TodoList API Started.....................
2026-01-19 10:37:29 - TodoListAPI - INFO - ..............TodoList API Shutdown....................
2026-01-19 10:37:30 - TodoListAPI - INFO - Mongodb connected successfully
2026-01-19 10:37:30 - TodoListAPI - INFO - ..............TodoList API Started.....................
2026-01-19 10:37:49 - TodoListAPI - INFO - ..............TodoList API Shutdown....................
2026-01-19 10:37:51 - TodoListAPI - INFO - Mongodb connected successfully
2026-01-19 10:37:51 - TodoListAPI - INFO - ..............TodoList API Started.....................
2026-01-19 10:38:02 - TodoListAPI - INFO - ..............TodoList API Shutdown....................
2026-01-19 10:38:04 - TodoListAPI - INFO - Mongodb connected successfully
2026-01-19 10:38:05 - TodoListAPI - INFO - ..............TodoList API Started.....................
2026-01-19 10:38:06 - TodoListAPI - INFO - ..............TodoList API Shutdown....................
2026-01-19 10:38:08 - TodoListAPI - INFO - Mongodb connected successfully
2026-01-19 10:38:08 - TodoListAPI - INFO - ..............TodoList API Started.....................
2026-01-19 10:38:16 - TodoListAPI - INFO - ..............TodoList API Shutdown....................
2026-01-19 10:38:18 - TodoListAPI - INFO - Mongodb connected successfully
2026-01-19 10:38:26 - TodoListAPI - INFO - Mongodb connected successfully
2026-01-19 10:38:26 - TodoListAPI - INFO - ..............TodoList API Started.....................
2026-01-19 10:38:56 - TodoListAPI - INFO - ..............TodoList API Shutdown....................
2026-01-19 10:38:58 - TodoListAPI - INFO - Mongodb connected successfully
2026-01-19 10:38:58 - TodoListAPI - INFO - ..............TodoList API Started.....................
2026-01-19 10:39:23 - TodoListAPI - INFO - ..............TodoList API Shutdown....................
2026-01-19 10:39:25 - TodoListAPI - INFO - Mongodb connected successfully
2026-01-19 10:39:25 - TodoListAPI - INFO - ..............TodoList API Started.....................
2026-01-19 10:47:12 - TodoListAPI - INFO - ..............TodoList API Shutdown....................
2026-01-19 10:47:14 - TodoListAPI - INFO - Mongodb connected successfully
2026-01-19 10:47:14 - TodoListAPI - INFO - ..............TodoList API Started.....................
2026-01-19 10:48:53 - TodoListAPI - INFO - Fetching logs for note_id: 696db97aebec65668d9152d6
2026-01-19 10:52:01 - TodoListAPI - INFO - ..............TodoList API Shutdown....................
2026-01-19 10:52:03 - TodoListAPI - INFO - Mongodb connected successfully
2026-01-19 10:52:03 - TodoListAPI - INFO - ..............TodoList API Started.....................
2026-01-19 10:52:06 - TodoListAPI - INFO - Fetching logs for note_id: 696db97aebec65668d9152d6
2026-01-19 10:52:41 - TodoListAPI - INFO - ..............TodoList API Shutdown....................
2026-01-19 10:52:43 - TodoListAPI - INFO - Mongodb connected successfully
2026-01-19 10:52:43 - TodoListAPI - INFO - ..............TodoList API Started.....................
2026-01-19 10:54:01 - TodoListAPI - INFO - Fetching all audit logs
2026-01-19 10:54:47 - TodoListAPI - INFO - ..............TodoList API Shutdown....................
2026-01-19 10:54:49 - TodoListAPI - INFO - Mongodb connected successfully
2026-01-19 10:54:49 - TodoListAPI - INFO - ..............TodoList API Started.....................
2026-01-19 10:54:51 - TodoListAPI - INFO - ..............TodoList API Shutdown....................
2026-01-19 10:54:53 - TodoListAPI - INFO - Mongodb connected successfully
2026-01-19 10:54:53 - TodoListAPI - INFO - ..............TodoList API Started.....................
2026-01-19 10:54:53 - TodoListAPI - INFO - ..............TodoList API Shutdown....................
2026-01-19 10:54:56 - TodoListAPI - INFO - Mongodb connected successfully
2026-01-19 10:54:56 - TodoListAPI - INFO - ..............TodoList API Started.....................
2026-01-19 10:54:56 - TodoListAPI - INFO - ..............TodoList API Shutdown....................
2026-01-19 10:54:58 - TodoListAPI - INFO - Mongodb connected successfully
2026-01-19 10:54:58 - TodoListAPI - INFO - ..............TodoList API Started.....................
2026-01-19 10:55:09 - TodoListAPI - INFO - ..............TodoList API Shutdown....................
2026-01-19 10:55:11 - TodoListAPI - INFO - Mongodb connected successfully
2026-01-19 10:55:11 - TodoListAPI - INFO - ..............TodoList API Started.....................
2026-01-19 10:55:11 - TodoListAPI - INFO - ..............TodoList API Shutdown....................
2026-01-19 10:55:13 - TodoListAPI - INFO - Mongodb connected successfully
2026-01-19 10:55:13 - TodoListAPI - INFO - ..............TodoList API Started.....................
2026-01-19 10:55:50 - TodoListAPI - INFO - ..............TodoList API Shutdown....................
2026-01-19 10:55:53 - TodoListAPI - INFO - Mongodb connected successfully
2026-01-19 10:55:53 - TodoListAPI - INFO - ..............TodoList API Started.....................
2026-01-19 10:56:19 - TodoListAPI - INFO - ..............TodoList API Shutdown....................
2026-01-19 10:56:21 - TodoListAPI - INFO - Mongodb connected successfully
2026-01-19 10:56:21 - TodoListAPI - INFO - ..............TodoList API Started.....................
2026-01-19 10:57:03 - TodoListAPI - INFO - ..............TodoList API Shutdown....................
2026-01-19 10:57:05 - TodoListAPI - INFO - Mongodb connected successfully
2026-01-19 10:57:05 - TodoListAPI - INFO - ..............TodoList API Started.....................
2026-01-19 10:57:10 - TodoListAPI - INFO - Fetching all audit logs
2026-01-19 10:57:23 - TodoListAPI - INFO - Fetching logs for note_id: 696db97aebec65668d9152d6
2026-01-19 10:58:15 - TodoListAPI - INFO - Fetching logs for note_id: 6965cea438f0cad3aa249534
2026-01-19 10:59:14 - TodoListAPI - INFO - Audit log stored successfully
2026-01-19 10:59:14 - TodoListAPI - INFO - Date updated successfully for note 6965cea438f0cad3aa249534 to 2026-01-15
2026-01-19 11:00:54 - TodoListAPI - INFO - Audit log stored successfully
2026-01-19 11:00:54 - TodoListAPI - INFO - Updated Successfully
2026-01-19 11:01:09 - TodoListAPI - INFO - Fetching logs for note_id: 6965cea438f0cad3aa249534
2026-01-19 11:56:31 - TodoListAPI - INFO - ..............TodoList API Shutdown....................
2026-01-19 11:56:34 - TodoListAPI - INFO - Mongodb connected successfully
2026-01-19 11:56:34 - TodoListAPI - INFO - ..............TodoList API Started.....................
2026-01-19 11:59:19 - TodoListAPI - INFO - ..............TodoList API Shutdown....................
2026-01-19 11:59:21 - TodoListAPI - INFO - Mongodb connected successfully
2026-01-19 11:59:21 - TodoListAPI - INFO - ..............TodoList API Started.....................
2026-01-19 12:06:58 - TodoListAPI - INFO - ..............TodoList API Shutdown....................
2026-01-19 12:07:00 - TodoListAPI - INFO - Mongodb connected successfully
2026-01-19 12:07:00 - TodoListAPI - INFO - ..............TodoList API Started.....................
2026-01-19 12:13:12 - TodoListAPI - INFO - ..............TodoList API Shutdown....................
2026-01-19 12:13:14 - TodoListAPI - INFO - Mongodb connected successfully
2026-01-19 12:13:14 - TodoListAPI - INFO - ..............TodoList API Started.....................
2026-01-19 12:18:45 - TodoListAPI - INFO - Fetching logs for note_id: 6965cea438f0cad3aa249534
2026-01-19 12:18:50 - TodoListAPI - INFO - Fetching all audit logs
2026-01-19 14:42:34 - TodoListAPI - INFO - ..............TodoList API Shutdown....................
2026-01-19 15:15:14 - TodoListAPI - INFO - Mongodb connected successfully
2026-01-19 15:15:14 - TodoListAPI - INFO - ..............TodoList API Started.....................
2026-01-19 16:02:37 - TodoListAPI - INFO - ..............TodoList API Shutdown....................
2026-01-19 16:02:39 - TodoListAPI - INFO - Mongodb connected successfully
2026-01-19 16:02:39 - TodoListAPI - INFO - ..............TodoList API Started.....................
2026-01-19 16:06:15 - TodoListAPI - INFO - ..............TodoList API Shutdown....................
2026-01-19 16:06:17 - TodoListAPI - INFO - Mongodb connected successfully
2026-01-19 16:06:17 - TodoListAPI - INFO - ..............TodoList API Started.....................
2026-01-19 16:08:41 - TodoListAPI - INFO - Audit log stored successfully
2026-01-19 16:08:41 - TodoListAPI - INFO - Todo created successfully with noteid :696e09b0958f7bb024eccb96
2026-01-19 16:09:11 - TodoListAPI - INFO - Audit log stored successfully
2026-01-19 16:09:11 - TodoListAPI - INFO - Todo created successfully with noteid :696e09ce958f7bb024eccb98
2026-01-19 16:09:36 - TodoListAPI - INFO - Audit log stored successfully
2026-01-19 16:09:36 - TodoListAPI - INFO - Todo created successfully with noteid :696e09e7958f7bb024eccb9a
2026-01-19 16:12:34 - TodoListAPI - ERROR - Error in soft delete many
2026-01-19 16:14:55 - TodoListAPI - ERROR - Error in soft delete many
2026-01-19 16:18:07 - TodoListAPI - INFO - ..............TodoList API Shutdown....................
2026-01-19 16:18:09 - TodoListAPI - INFO - Mongodb connected successfully
2026-01-19 16:18:09 - TodoListAPI - INFO - ..............TodoList API Started.....................
2026-01-19 16:18:13 - TodoListAPI - ERROR - Error in soft delete many
2026-01-19 16:23:23 - TodoListAPI - INFO - ..............TodoList API Shutdown....................
2026-01-19 16:23:25 - TodoListAPI - INFO - Mongodb connected successfully
2026-01-19 16:23:26 - TodoListAPI - INFO - ..............TodoList API Started.....................
2026-01-19 16:23:51 - TodoListAPI - INFO - ..............TodoList API Shutdown....................
2026-01-19 16:23:53 - TodoListAPI - INFO - Mongodb connected successfully
2026-01-19 16:23:53 - TodoListAPI - INFO - ..............TodoList API Started.....................
2026-01-19 16:24:04 - TodoListAPI - INFO - ..............TodoList API Shutdown....................
2026-01-19 16:24:06 - TodoListAPI - INFO - Mongodb connected successfully
2026-01-19 16:24:06 - TodoListAPI - INFO - ..............TodoList API Started.....................
2026-01-19 16:24:10 - TodoListAPI - ERROR - Error in soft delete many
2026-01-19 16:27:13 - TodoListAPI - INFO - ..............TodoList API Shutdown....................
2026-01-19 16:27:15 - TodoListAPI - INFO - Mongodb connected successfully
2026-01-19 16:27:15 - TodoListAPI - INFO - ..............TodoList API Started.....................
2026-01-19 16:27:18 - TodoListAPI - ERROR - Error in soft delete many
2026-01-19 16:29:05 - TodoListAPI - INFO - ..............TodoList API Shutdown....................
2026-01-19 16:29:07 - TodoListAPI - INFO - Mongodb connected successfully
2026-01-19 16:29:07 - TodoListAPI - INFO - ..............TodoList API Started.....................
2026-01-19 16:29:12 - TodoListAPI - INFO - Audit log stored successfully
2026-01-19 16:29:12 - TodoListAPI - INFO - Audit log stored successfully
2026-01-19 16:29:12 - TodoListAPI - INFO - Audit log stored successfully
2026-01-19 16:29:12 - TodoListAPI - INFO - Many notes deleted successfully
2026-01-19 16:30:18 - TodoListAPI - INFO - ..............TodoList API Shutdown....................
2026-01-19 16:30:21 - TodoListAPI - INFO - Mongodb connected successfully
2026-01-19 16:30:21 - TodoListAPI - INFO - ..............TodoList API Started.....................
2026-01-19 16:31:04 - TodoListAPI - INFO - ..............TodoList API Shutdown....................
2026-01-19 16:31:06 - TodoListAPI - INFO - Mongodb connected successfully
2026-01-19 16:31:06 - TodoListAPI - INFO - ..............TodoList API Started.....................
2026-01-19 16:31:06 - TodoListAPI - INFO - Many notes deleted successfully
2026-01-19 16:31:27 - TodoListAPI - INFO - Fetching all audit logs
2026-01-19 16:31:56 - TodoListAPI - INFO - fetching the deleted notes is successfully
2026-01-19 16:41:01 - TodoListAPI - INFO - ..............TodoList API Shutdown....................
2026-01-19 16:41:03 - TodoListAPI - INFO - Mongodb connected successfully
2026-01-19 16:43:49 - TodoListAPI - INFO - Mongodb connected successfully
2026-01-19 16:43:49 - TodoListAPI - INFO - ..............TodoList API Started.....................
2026-01-19 16:44:00 - TodoListAPI - INFO - ..............TodoList API Shutdown....................
2026-01-19 16:44:03 - TodoListAPI - INFO - Mongodb connected successfully
2026-01-19 16:44:03 - TodoListAPI - INFO - ..............TodoList API Started.....................
2026-01-19 18:18:57 - TodoListAPI - INFO - ..............TodoList API Shutdown....................
2026-01-19 18:19:00 - TodoListAPI - INFO - Mongodb connected successfully
2026-01-19 18:19:00 - TodoListAPI - INFO - ..............TodoList API Started.....................
2026-01-19 18:21:22 - TodoListAPI - ERROR - Error updating date for note 696e09e7958f7bb024eccb9a: can't compare datetime.datetime to datetime.date
2026-01-19 18:25:45 - TodoListAPI - INFO - ..............TodoList API Shutdown....................
2026-01-19 18:25:47 - TodoListAPI - INFO - Mongodb connected successfully
2026-01-19 18:25:48 - TodoListAPI - INFO - ..............TodoList API Started.....................
2026-01-19 18:25:50 - TodoListAPI - WARNING - Attempt to update the current date from today ,2026-01-18
2026-01-19 18:25:58 - TodoListAPI - WARNING - No note found with ID: 696e09e7958f7bb024eccb9a
2026-01-20 10:21:31 - TodoListAPI - INFO - ..............TodoList API Shutdown....................
