2026-01-22 10:44:40 - TodoListAPI - INFO - Mongodb connected successfully
2026-01-22 10:44:40 - TodoListAPI - INFO - ..............TodoList API Started.....................
2026-01-22 10:44:41 - TodoListAPI - INFO - User created successfully: sanjay6022003@gmail.com
2026-01-22 10:44:41 - TodoListAPI - INFO - User signed up successfully: sanjay6022003@gmail.com
2026-01-22 10:46:31 - TodoListAPI - INFO - User created successfully: sanjay6022003@gmail.com
2026-01-22 10:46:31 - TodoListAPI - INFO - User signed up successfully: sanjay6022003@gmail.com
2026-01-22 10:49:27 - TodoListAPI - INFO - ..............TodoList API Shutdown....................
2026-01-22 10:49:33 - TodoListAPI - INFO - Mongodb connected successfully
2026-01-22 10:49:34 - TodoListAPI - INFO - ..............TodoList API Started.....................
2026-01-22 10:49:49 - TodoListAPI - WARNING - Signup failed: User already exists - sanjay6022003@gmail.com
2026-01-22 10:50:34 - TodoListAPI - WARNING - Signup failed: User already exists - intelligentzombie100@gmail.com
2026-01-22 10:53:18 - TodoListAPI - INFO - ..............TodoList API Shutdown....................
2026-01-22 10:53:21 - TodoListAPI - INFO - Mongodb connected successfully
2026-01-22 10:53:22 - TodoListAPI - INFO - ..............TodoList API Started.....................
2026-01-22 10:53:24 - TodoListAPI - INFO - User created successfully: intelligentzombie100@gmail.com
2026-01-22 10:53:24 - TodoListAPI - INFO - User signed up successfully: intelligentzombie100@gmail.com
2026-01-22 10:53:31 - TodoListAPI - WARNING - Signup failed: User already exists - intelligentzombie100@gmail.com
2026-01-22 10:54:28 - TodoListAPI - INFO - User authenticated successfully: sanjay6022003@gmail.com
2026-01-22 10:54:28 - TodoListAPI - INFO - User logged in successfully: sanjay6022003@gmail.com
2026-01-22 10:55:15 - TodoListAPI - INFO - Audit log stored successfully
2026-01-22 10:55:15 - TodoListAPI - INFO - Todo created successfully with noteid: 6971b4bb3b6ce6c726728989 for user: sanjay6022003@gmail.com
2026-01-22 10:55:49 - TodoListAPI - INFO - ..............TodoList API Shutdown....................
2026-01-22 10:55:51 - TodoListAPI - INFO - Mongodb connected successfully
2026-01-22 10:55:51 - TodoListAPI - INFO - ..............TodoList API Started.....................
2026-01-22 11:08:02 - TodoListAPI - INFO - ..............TodoList API Shutdown....................
2026-01-22 11:08:04 - TodoListAPI - INFO - Mongodb connected successfully
2026-01-22 11:08:04 - TodoListAPI - INFO - ..............TodoList API Started.....................
2026-01-22 11:09:20 - TodoListAPI - INFO - Audit log stored successfully
2026-01-22 11:09:20 - TodoListAPI - INFO - TodoList status updated 6971b4bb3b6ce6c726728989 to completed
2026-01-22 11:09:23 - TodoListAPI - INFO - Email sent successfully to sanjay6022003@gmail.com
2026-01-22 11:10:14 - TodoListAPI - INFO - ..............TodoList API Shutdown....................
2026-01-22 11:10:16 - TodoListAPI - INFO - Mongodb connected successfully
2026-01-22 11:10:16 - TodoListAPI - INFO - ..............TodoList API Started.....................
2026-01-22 11:12:51 - TodoListAPI - INFO - ..............TodoList API Shutdown....................
2026-01-22 11:12:53 - TodoListAPI - INFO - Mongodb connected successfully
2026-01-22 11:12:53 - TodoListAPI - INFO - ..............TodoList API Started.....................
2026-01-22 12:32:44 - TodoListAPI - INFO - ..............TodoList API Shutdown....................
2026-01-22 12:32:46 - TodoListAPI - INFO - Mongodb connected successfully
2026-01-22 12:32:46 - TodoListAPI - INFO - ..............TodoList API Started.....................
2026-01-22 12:47:23 - TodoListAPI - INFO - ..............TodoList API Shutdown....................
2026-01-22 12:47:25 - TodoListAPI - INFO - Mongodb connected successfully
2026-01-22 12:47:26 - TodoListAPI - INFO - ..............TodoList API Started.....................
2026-01-22 12:55:59 - TodoListAPI - INFO - ..............TodoList API Shutdown....................
2026-01-22 12:56:01 - TodoListAPI - INFO - Mongodb connected successfully
2026-01-22 12:56:01 - TodoListAPI - INFO - ..............TodoList API Started.....................
2026-01-22 13:53:42 - TodoListAPI - INFO - Fetching logs for note_id: 696f2c16eebf5473008b8a08
2026-01-22 13:53:56 - TodoListAPI - INFO - Manual trigger: Testing expiry update
2026-01-22 13:53:56 - TodoListAPI - INFO - Update incomplete notes to expire
2026-01-22 13:53:56 - TodoListAPI - INFO - Expired 1 incomplete tasks
2026-01-22 14:00:26 - TodoListAPI - INFO - ..............TodoList API Shutdown....................
2026-01-22 14:00:30 - TodoListAPI - INFO - Mongodb connected successfully
2026-01-22 14:00:31 - TodoListAPI - INFO - ..............TodoList API Started.....................
2026-01-22 14:00:55 - TodoListAPI - INFO - ..............TodoList API Shutdown....................
2026-01-22 14:00:57 - TodoListAPI - INFO - Mongodb connected successfully
2026-01-22 14:00:57 - TodoListAPI - INFO - ..............TodoList API Started.....................
2026-01-22 14:01:33 - TodoListAPI - INFO - ..............TodoList API Shutdown....................
2026-01-22 14:01:35 - TodoListAPI - INFO - Mongodb connected successfully
2026-01-22 14:01:35 - TodoListAPI - INFO - ..............TodoList API Started.....................
2026-01-22 14:04:22 - TodoListAPI - INFO - User created successfully: rahulram@gmail.com
2026-01-22 14:04:22 - TodoListAPI - INFO - User signed up successfully: rahulram@gmail.com
2026-01-22 14:04:32 - TodoListAPI - WARNING - Signup failed: User already exists - rahulram@gmail.com
2026-01-22 14:04:59 - TodoListAPI - WARNING - User not found: Rahulram@gmail.com
2026-01-22 14:04:59 - TodoListAPI - WARNING - Login failed: Invalid credentials - Rahulram@gmail.com
2026-01-22 14:05:19 - TodoListAPI - INFO - User authenticated successfully: rahulram@gmail.com
2026-01-22 14:05:19 - TodoListAPI - INFO - User logged in successfully: rahulram@gmail.com
2026-01-22 14:06:53 - TodoListAPI - INFO - Audit log stored successfully
2026-01-22 14:06:53 - TodoListAPI - INFO - Todo created successfully with noteid: 6971e1a5b88d67493c6b3555 for user: rahulram@gmail.com
2026-01-22 14:11:53 - TodoListAPI - INFO - User authenticated successfully: sanjay6022003@gmail.com
2026-01-22 14:11:53 - TodoListAPI - INFO - User logged in successfully: sanjay6022003@gmail.com
2026-01-22 14:12:32 - TodoListAPI - INFO - Audit log stored successfully
2026-01-22 14:12:32 - TodoListAPI - ERROR - Error in updating status for note 6971b4bb3b6ce6c726728989: type object 'UserService' has no attribute 'get_user_by_id'
2026-01-22 14:13:18 - TodoListAPI - INFO - ..............TodoList API Shutdown....................
2026-01-22 14:13:21 - TodoListAPI - INFO - Mongodb connected successfully
2026-01-22 14:13:22 - TodoListAPI - INFO - ..............TodoList API Started.....................
2026-01-22 14:13:22 - TodoListAPI - INFO - Audit log stored successfully
2026-01-22 14:13:22 - TodoListAPI - INFO - TodoList status updated 6971b4bb3b6ce6c726728989 to inprogress
2026-01-22 14:13:27 - TodoListAPI - INFO - Email sent successfully to sanjay6022003@gmail.com
2026-01-22 14:14:48 - TodoListAPI - INFO - Audit log stored successfully
2026-01-22 14:14:48 - TodoListAPI - INFO - TodoList status updated 6971b4bb3b6ce6c726728989 to not completed
2026-01-22 14:14:52 - TodoListAPI - INFO - Email sent successfully to sanjay6022003@gmail.com
2026-01-22 18:23:50 - TodoListAPI - INFO - Fetching all notes is successfully
2026-01-22 18:23:59 - TodoListAPI - INFO - fetching todays notes is successfully
2026-01-22 18:24:13 - TodoListAPI - INFO - Fetching all audit logs
2026-01-23 11:21:23 - TodoListAPI - INFO - ..............TodoList API Shutdown....................
