2026-01-12 14:09:30 - TodoListAPI - INFO - =============== TodoList API Started ===============
2026-01-12 14:09:31 - TodoListAPI - INFO - =============== TodoList API Shutdown ===============
2026-01-12 14:09:33 - TodoListAPI - INFO - MongoDB connected successfully
2026-01-12 14:09:33 - TodoListAPI - INFO - =============== TodoList API Started ===============
2026-01-12 14:09:33 - TodoListAPI - INFO - =============== TodoList API Shutdown ===============
2026-01-12 14:09:35 - TodoListAPI - INFO - MongoDB connected successfully
2026-01-12 14:09:35 - TodoListAPI - INFO - =============== TodoList API Started ===============
2026-01-12 14:09:35 - TodoListAPI - INFO - =============== TodoList API Shutdown ===============
2026-01-12 14:09:37 - TodoListAPI - INFO - MongoDB connected successfully
2026-01-12 14:09:37 - TodoListAPI - INFO - =============== TodoList API Started ===============
2026-01-12 14:09:38 - TodoListAPI - INFO - =============== TodoList API Shutdown ===============
2026-01-12 14:09:40 - TodoListAPI - INFO - =============== TodoList API Started ===============
2026-01-12 14:09:41 - TodoListAPI - INFO - =============== TodoList API Shutdown ===============
2026-01-12 16:04:15 - TodoListAPI - INFO - Mongodb connected successfully
2026-01-12 16:04:15 - TodoListAPI - INFO - ..............TodoList API Started.....................
2026-01-12 16:04:46 - TodoListAPI - INFO - Fetching all notes is successfully
2026-01-12 16:05:13 - TodoListAPI - INFO - fetching todays notes is successfully
2026-01-12 16:05:28 - TodoListAPI - WARNING - No note is found in the note ,id is:696486eb622a13039bfda220
2026-01-12 16:05:39 - TodoListAPI - ERROR - Error in updating noteid:696486eb622a13039bfda22:'696486eb622a13039bfda22' is not a valid ObjectId, it must be a 12-byte input or a 24-character hex string
2026-01-12 16:06:34 - TodoListAPI - ERROR - Error in updating noteid:696486eb622a13039bfda22:'696486eb622a13039bfda22' is not a valid ObjectId, it must be a 12-byte input or a 24-character hex string
2026-01-12 16:06:54 - TodoListAPI - WARNING - No fields updated with noteid:696486eb622a13039bfda220
2026-01-12 16:07:18 - TodoListAPI - WARNING - No fields updated with noteid:696486eb622a13039bfda220
2026-01-12 16:07:31 - TodoListAPI - WARNING - No fields updated with noteid:696486eb622a13039bfda220
2026-01-12 16:08:18 - TodoListAPI - WARNING - No fields updated with noteid:696486eb622a13039bfda220
2026-01-12 16:10:44 - TodoListAPI - INFO - ..............TodoList API Shutdown....................
2026-01-12 16:10:45 - TodoListAPI - INFO - Mongodb connected successfully
2026-01-12 16:10:45 - TodoListAPI - INFO - ..............TodoList API Started.....................
2026-01-12 16:10:51 - TodoListAPI - WARNING - No fields updated with noteid:696486eb622a13039bfda220
2026-01-12 16:21:37 - TodoListAPI - INFO - ..............TodoList API Shutdown....................
2026-01-12 16:21:38 - TodoListAPI - INFO - Mongodb connected successfully
2026-01-12 16:21:38 - TodoListAPI - INFO - ..............TodoList API Started.....................
2026-01-12 16:47:27 - TodoListAPI - INFO - ..............TodoList API Shutdown....................
2026-01-12 16:47:28 - TodoListAPI - INFO - Mongodb connected successfully
2026-01-12 16:47:28 - TodoListAPI - INFO - ..............TodoList API Started.....................
2026-01-12 16:51:18 - TodoListAPI - INFO - ..............TodoList API Shutdown....................
2026-01-12 16:51:19 - TodoListAPI - INFO - Mongodb connected successfully
2026-01-12 16:51:19 - TodoListAPI - INFO - ..............TodoList API Started.....................
2026-01-12 16:52:30 - TodoListAPI - INFO - ..............TodoList API Shutdown....................
2026-01-12 16:52:31 - TodoListAPI - INFO - Mongodb connected successfully
2026-01-12 16:52:31 - TodoListAPI - INFO - ..............TodoList API Started.....................
2026-01-12 16:56:37 - TodoListAPI - INFO - ..............TodoList API Shutdown....................
2026-01-12 16:56:39 - TodoListAPI - INFO - Mongodb connected successfully
2026-01-12 16:56:39 - TodoListAPI - INFO - ..............TodoList API Started.....................
2026-01-12 16:56:42 - TodoListAPI - ERROR - Error updating the date: '_id' is not a valid ObjectId, it must be a 12-byte input or a 24-character hex string
2026-01-12 16:59:01 - TodoListAPI - INFO - ..............TodoList API Shutdown....................
2026-01-12 16:59:02 - TodoListAPI - INFO - Mongodb connected successfully
2026-01-12 16:59:02 - TodoListAPI - INFO - ..............TodoList API Started.....................
2026-01-12 16:59:06 - TodoListAPI - ERROR - Error updating the date: '_id' is not a valid ObjectId, it must be a 12-byte input or a 24-character hex string
2026-01-12 17:00:29 - TodoListAPI - INFO - ..............TodoList API Shutdown....................
2026-01-12 17:00:30 - TodoListAPI - INFO - Mongodb connected successfully
2026-01-12 17:00:30 - TodoListAPI - INFO - ..............TodoList API Started.....................
2026-01-12 17:00:32 - TodoListAPI - ERROR - Error updating the date: '_id' is not a valid ObjectId, it must be a 12-byte input or a 24-character hex string
2026-01-12 17:01:16 - TodoListAPI - INFO - ..............TodoList API Shutdown....................
2026-01-12 17:01:17 - TodoListAPI - INFO - Mongodb connected successfully
2026-01-12 17:01:17 - TodoListAPI - INFO - ..............TodoList API Started.....................
2026-01-12 17:01:30 - TodoListAPI - ERROR - Error updating the date: '_id' is not a valid ObjectId, it must be a 12-byte input or a 24-character hex string
2026-01-12 17:06:58 - TodoListAPI - INFO - ..............TodoList API Shutdown....................
2026-01-12 17:06:59 - TodoListAPI - INFO - Mongodb connected successfully
2026-01-12 17:06:59 - TodoListAPI - INFO - ..............TodoList API Started.....................
2026-01-12 17:07:02 - TodoListAPI - ERROR - Error updating the date: '_id' is not a valid ObjectId, it must be a 12-byte input or a 24-character hex string
2026-01-12 17:29:23 - TodoListAPI - INFO - ..............TodoList API Shutdown....................
2026-01-12 17:29:25 - TodoListAPI - INFO - Mongodb connected successfully
2026-01-12 17:29:25 - TodoListAPI - INFO - ..............TodoList API Started.....................
2026-01-12 17:29:25 - TodoListAPI - INFO - ..............TodoList API Shutdown....................
2026-01-12 17:29:27 - TodoListAPI - INFO - Mongodb connected successfully
2026-01-12 17:29:27 - TodoListAPI - INFO - ..............TodoList API Started.....................
2026-01-12 17:29:32 - TodoListAPI - INFO - ..............TodoList API Shutdown....................
2026-01-12 17:29:33 - TodoListAPI - INFO - Mongodb connected successfully
2026-01-12 17:29:33 - TodoListAPI - INFO - ..............TodoList API Started.....................
2026-01-12 17:30:17 - TodoListAPI - INFO - ..............TodoList API Shutdown....................
2026-01-12 17:30:18 - TodoListAPI - INFO - Mongodb connected successfully
2026-01-12 17:30:18 - TodoListAPI - INFO - ..............TodoList API Started.....................
2026-01-12 17:32:47 - TodoListAPI - INFO - Date updated successfully for note 6963d43075cb42150296a28a to 2026-01-12
2026-01-12 17:33:21 - TodoListAPI - INFO - Date updated successfully for note 6963d43075cb42150296a28a to 2026-01-1
2026-01-12 18:13:52 - TodoListAPI - INFO - ..............TodoList API Shutdown....................
