2026-01-23 11:21:28 - TodoListAPI - INFO - Mongodb connected successfully
2026-01-23 11:21:28 - TodoListAPI - INFO - ..............TodoList API Started.....................
2026-01-23 11:21:28 - TodoListAPI - INFO - ..............TodoList API Shutdown....................
2026-01-23 11:21:30 - TodoListAPI - INFO - Mongodb connected successfully
2026-01-23 11:21:31 - TodoListAPI - INFO - ..............TodoList API Started.....................
2026-01-23 11:21:48 - TodoListAPI - INFO - ..............TodoList API Shutdown....................
2026-01-23 11:21:50 - TodoListAPI - INFO - Mongodb connected successfully
2026-01-23 11:22:41 - TodoListAPI - INFO - Mongodb connected successfully
2026-01-23 11:22:47 - TodoListAPI - INFO - Mongodb connected successfully
2026-01-23 11:25:04 - TodoListAPI - INFO - Mongodb connected successfully
2026-01-23 11:25:32 - TodoListAPI - INFO - Mongodb connected successfully
2026-01-23 11:27:06 - TodoListAPI - INFO - Mongodb connected successfully
2026-01-23 11:44:02 - TodoListAPI - INFO - Mongodb connected successfully
2026-01-23 11:44:44 - TodoListAPI - INFO - Mongodb connected successfully
2026-01-23 11:44:59 - TodoListAPI - INFO - Mongodb connected successfully
2026-01-23 11:46:21 - TodoListAPI - INFO - Mongodb connected successfully
2026-01-23 11:47:19 - TodoListAPI - INFO - Mongodb connected successfully
2026-01-23 11:49:14 - TodoListAPI - INFO - Mongodb connected successfully
2026-01-23 11:49:14 - TodoListAPI - INFO - ..............TodoList API Started.....................
2026-01-23 11:49:56 - TodoListAPI - INFO - User authenticated successfully: sanjay6022003@gmail.com
2026-01-23 11:49:56 - TodoListAPI - INFO - User logged in successfully: sanjay6022003@gmail.com
2026-01-23 11:51:03 - TodoListAPI - INFO - Fetching all notes is successfully
2026-01-23 11:52:18 - TodoListAPI - INFO - ..............TodoList API Shutdown....................
2026-01-23 11:52:23 - TodoListAPI - INFO - Mongodb connected successfully
2026-01-23 11:52:23 - TodoListAPI - INFO - ..............TodoList API Started.....................
2026-01-23 11:52:27 - TodoListAPI - ERROR - Error fetching user details
2026-01-23 11:56:07 - TodoListAPI - INFO - ..............TodoList API Shutdown....................
2026-01-23 11:56:11 - TodoListAPI - INFO - Mongodb connected successfully
2026-01-23 11:56:12 - TodoListAPI - INFO - ..............TodoList API Started.....................
2026-01-23 11:56:12 - TodoListAPI - ERROR - Error fetching user details
2026-01-23 12:02:59 - TodoListAPI - INFO - ..............TodoList API Shutdown....................
2026-01-23 12:03:02 - TodoListAPI - INFO - Mongodb connected successfully
2026-01-23 12:03:03 - TodoListAPI - INFO - ..............TodoList API Started.....................
2026-01-23 12:03:23 - TodoListAPI - INFO - ..............TodoList API Shutdown....................
2026-01-23 12:03:27 - TodoListAPI - INFO - Mongodb connected successfully
2026-01-23 12:03:28 - TodoListAPI - INFO - ..............TodoList API Started.....................
2026-01-23 13:56:04 - TodoListAPI - INFO - ..............TodoList API Shutdown....................
2026-01-23 13:56:08 - TodoListAPI - INFO - Mongodb connected successfully
2026-01-23 13:56:08 - TodoListAPI - INFO - ..............TodoList API Started.....................
2026-01-23 13:57:26 - TodoListAPI - INFO - Audit log stored successfully
2026-01-23 13:57:26 - TodoListAPI - INFO - Todo created successfully with noteid: 697330ee05cecd88263573e9 for user: sanjay6022003@gmail.com
2026-01-23 14:02:16 - TodoListAPI - INFO - ..............TodoList API Shutdown....................
2026-01-23 14:02:19 - TodoListAPI - INFO - Mongodb connected successfully
2026-01-23 14:02:19 - TodoListAPI - INFO - ..............TodoList API Started.....................
2026-01-23 14:02:28 - TodoListAPI - INFO - ..............TodoList API Shutdown....................
2026-01-23 14:02:30 - TodoListAPI - INFO - Mongodb connected successfully
2026-01-23 14:02:31 - TodoListAPI - INFO - ..............TodoList API Started.....................
2026-01-23 14:06:10 - TodoListAPI - INFO - ..............TodoList API Shutdown....................
2026-01-23 14:06:12 - TodoListAPI - INFO - Mongodb connected successfully
2026-01-23 14:06:13 - TodoListAPI - INFO - ..............TodoList API Started.....................
2026-01-23 14:06:21 - TodoListAPI - INFO - ..............TodoList API Shutdown....................
2026-01-23 14:06:23 - TodoListAPI - INFO - Mongodb connected successfully
2026-01-23 14:06:24 - TodoListAPI - INFO - ..............TodoList API Started.....................
2026-01-23 14:06:55 - TodoListAPI - INFO - ..............TodoList API Shutdown....................
2026-01-23 14:06:57 - TodoListAPI - INFO - Mongodb connected successfully
2026-01-23 14:06:57 - TodoListAPI - INFO - ..............TodoList API Started.....................
2026-01-23 14:07:19 - TodoListAPI - INFO - Fetching all notes for user: 6970b5a824885a6a1f067e8e
2026-01-23 14:11:25 - TodoListAPI - INFO - ..............TodoList API Shutdown....................
2026-01-23 14:11:27 - TodoListAPI - INFO - Mongodb connected successfully
2026-01-23 14:11:28 - TodoListAPI - INFO - ..............TodoList API Started.....................
2026-01-23 14:12:52 - TodoListAPI - INFO - ..............TodoList API Shutdown....................
2026-01-23 14:12:54 - TodoListAPI - INFO - Mongodb connected successfully
2026-01-23 14:12:54 - TodoListAPI - INFO - ..............TodoList API Started.....................
2026-01-23 14:13:00 - TodoListAPI - INFO - ..............TodoList API Shutdown....................
2026-01-23 14:13:02 - TodoListAPI - INFO - Mongodb connected successfully
2026-01-23 14:13:02 - TodoListAPI - INFO - ..............TodoList API Started.....................
2026-01-23 14:24:49 - TodoListAPI - INFO - User authenticated successfully: sanjay6022003@gmail.com
2026-01-23 14:24:49 - TodoListAPI - INFO - User logged in successfully: sanjay6022003@gmail.com
2026-01-23 14:25:10 - TodoListAPI - INFO - Fetching all notes for user: 6970b5a824885a6a1f067e8e
2026-01-23 15:03:44 - TodoListAPI - INFO - ..............TodoList API Shutdown....................
2026-01-23 15:03:47 - TodoListAPI - INFO - Mongodb connected successfully
2026-01-23 15:03:47 - TodoListAPI - INFO - ..............TodoList API Started.....................
2026-01-23 15:04:07 - TodoListAPI - INFO - ..............TodoList API Shutdown....................
2026-01-23 15:04:10 - TodoListAPI - INFO - Mongodb connected successfully
2026-01-23 15:04:10 - TodoListAPI - INFO - ..............TodoList API Started.....................
2026-01-23 15:13:30 - TodoListAPI - INFO - ..............TodoList API Shutdown....................
2026-01-23 15:13:33 - TodoListAPI - INFO - Mongodb connected successfully
2026-01-23 15:13:34 - TodoListAPI - INFO - ..............TodoList API Started.....................
2026-01-23 15:21:12 - TodoListAPI - INFO - ..............TodoList API Shutdown....................
2026-01-23 15:21:16 - TodoListAPI - INFO - Mongodb connected successfully
2026-01-23 15:25:07 - TodoListAPI - INFO - Mongodb connected successfully
2026-01-23 15:25:07 - TodoListAPI - INFO - ..............TodoList API Started.....................
2026-01-23 15:25:07 - TodoListAPI - INFO - Fetching all notes for user: 6970b5a824885a6a1f067e8e
2026-01-23 15:26:34 - TodoListAPI - ERROR - Authentication failed: Invalid payload padding
2026-01-23 15:26:49 - TodoListAPI - INFO - User authenticated successfully: sanjay6022003@gmail.com
2026-01-23 15:26:49 - TodoListAPI - INFO - User logged in successfully: sanjay6022003@gmail.com
2026-01-23 15:27:02 - TodoListAPI - INFO - Audit log stored successfully
2026-01-23 15:27:02 - TodoListAPI - INFO - Todo created successfully with noteid: 697345ee850bc300cda170e5 for user: sanjay6022003@gmail.com
2026-01-23 15:27:17 - TodoListAPI - INFO - ..............TodoList API Shutdown....................
2026-01-23 15:27:19 - TodoListAPI - INFO - Mongodb connected successfully
2026-01-23 15:27:19 - TodoListAPI - INFO - ..............TodoList API Started.....................
2026-01-23 15:27:21 - TodoListAPI - INFO - ..............TodoList API Shutdown....................
2026-01-23 15:27:23 - TodoListAPI - INFO - Mongodb connected successfully
2026-01-23 15:27:24 - TodoListAPI - INFO - ..............TodoList API Started.....................
2026-01-23 15:38:07 - TodoListAPI - INFO - ..............TodoList API Shutdown....................
2026-01-23 15:38:10 - TodoListAPI - INFO - Mongodb connected successfully
2026-01-23 15:38:10 - TodoListAPI - INFO - ..............TodoList API Started.....................
2026-01-23 16:09:35 - TodoListAPI - INFO - ..............TodoList API Shutdown....................
2026-01-23 16:09:38 - TodoListAPI - INFO - Mongodb connected successfully
2026-01-23 16:09:38 - TodoListAPI - INFO - ..............TodoList API Started.....................
2026-01-23 16:21:28 - TodoListAPI - INFO - ..............TodoList API Shutdown....................
2026-01-23 16:21:30 - TodoListAPI - INFO - Mongodb connected successfully
2026-01-23 16:21:30 - TodoListAPI - INFO - ..............TodoList API Started.....................
2026-01-23 16:21:44 - TodoListAPI - INFO - ..............TodoList API Shutdown....................
2026-01-23 16:21:46 - TodoListAPI - INFO - Mongodb connected successfully
2026-01-23 16:21:46 - TodoListAPI - INFO - ..............TodoList API Started.....................
2026-01-23 16:22:33 - TodoListAPI - INFO - ..............TodoList API Shutdown....................
2026-01-23 16:22:35 - TodoListAPI - INFO - Mongodb connected successfully
2026-01-23 16:22:35 - TodoListAPI - INFO - ..............TodoList API Started.....................
2026-01-23 16:22:37 - TodoListAPI - INFO - Audit log stored successfully
2026-01-23 16:22:37 - TodoListAPI - INFO - Todo created successfully with noteid: 697352f5837eff5b17732d51 for user: sanjay6022003@gmail.com
2026-01-23 16:22:47 - TodoListAPI - INFO - Fetching all notes for user: 6970b5a824885a6a1f067e8e
2026-01-23 16:26:07 - TodoListAPI - ERROR - Authentication failed: Signature verification failed.
2026-01-23 16:26:16 - TodoListAPI - INFO - Fetching all notes for user: 6970b5a824885a6a1f067e8e
2026-01-23 16:32:05 - TodoListAPI - INFO - ..............TodoList API Shutdown....................
2026-01-23 16:32:07 - TodoListAPI - INFO - Mongodb connected successfully
2026-01-23 16:32:33 - TodoListAPI - INFO - Mongodb connected successfully
2026-01-23 16:32:33 - TodoListAPI - INFO - ..............TodoList API Started.....................
2026-01-23 16:32:33 - TodoListAPI - INFO - Audit log stored successfully
2026-01-23 16:32:33 - TodoListAPI - INFO - Todo created successfully with noteid: 697355491290d350c85b5448 for user: sanjay6022003@gmail.com
2026-01-23 16:52:42 - TodoListAPI - INFO - ..............TodoList API Shutdown....................
2026-01-23 16:52:44 - TodoListAPI - INFO - Mongodb connected successfully
2026-01-23 16:52:44 - TodoListAPI - INFO - ..............TodoList API Started.....................
2026-01-23 16:55:00 - TodoListAPI - INFO - ..............TodoList API Shutdown....................
2026-01-23 16:55:02 - TodoListAPI - INFO - Mongodb connected successfully
2026-01-23 16:55:02 - TodoListAPI - INFO - ..............TodoList API Started.....................
2026-01-23 16:55:14 - TodoListAPI - INFO - ..............TodoList API Shutdown....................
2026-01-23 16:55:17 - TodoListAPI - INFO - Mongodb connected successfully
2026-01-23 16:55:17 - TodoListAPI - INFO - ..............TodoList API Started.....................
2026-01-23 16:55:28 - TodoListAPI - INFO - Audit log stored successfully
2026-01-23 16:55:28 - TodoListAPI - INFO - Todo created successfully with noteid: 69735aa85df5f601779a12b0 for user: sanjay6022003@gmail.com
2026-01-23 16:55:42 - TodoListAPI - INFO - Fetching all notes for user: 6970b5a824885a6a1f067e8e
2026-01-23 17:14:52 - TodoListAPI - INFO - ..............TodoList API Shutdown....................
2026-01-23 17:14:54 - TodoListAPI - INFO - Mongodb connected successfully
2026-01-23 17:14:54 - TodoListAPI - INFO - ..............TodoList API Started.....................
2026-01-23 17:40:59 - TodoListAPI - INFO - Fetching all notes for user: 6970b5a824885a6a1f067e8e
2026-01-23 17:41:16 - TodoListAPI - INFO - ..............TodoList API Shutdown....................
2026-01-23 17:41:18 - TodoListAPI - INFO - Mongodb connected successfully
2026-01-23 17:41:18 - TodoListAPI - INFO - ..............TodoList API Started.....................
2026-01-23 17:46:10 - TodoListAPI - INFO - ..............TodoList API Shutdown....................
2026-01-23 17:46:12 - TodoListAPI - INFO - Mongodb connected successfully
2026-01-23 17:46:12 - TodoListAPI - INFO - ..............TodoList API Started.....................
2026-01-23 17:51:28 - TodoListAPI - INFO - ..............TodoList API Shutdown....................
2026-01-23 17:51:31 - TodoListAPI - INFO - Mongodb connected successfully
2026-01-23 17:51:31 - TodoListAPI - INFO - ..............TodoList API Started.....................
2026-01-23 17:51:55 - TodoListAPI - INFO - ..............TodoList API Shutdown....................
2026-01-23 17:51:57 - TodoListAPI - INFO - Mongodb connected successfully
2026-01-23 17:51:58 - TodoListAPI - INFO - ..............TodoList API Started.....................
2026-01-23 17:51:58 - TodoListAPI - INFO - Fetching all notes for user: 6970b5a824885a6a1f067e8e
2026-01-23 17:52:15 - TodoListAPI - INFO - ..............TodoList API Shutdown....................
2026-01-23 17:52:17 - TodoListAPI - INFO - Mongodb connected successfully
2026-01-23 17:52:17 - TodoListAPI - INFO - ..............TodoList API Started.....................
2026-01-23 17:52:21 - TodoListAPI - INFO - Fetching all notes for user: 6970b5a824885a6a1f067e8e
2026-01-23 17:52:58 - TodoListAPI - INFO - User authenticated successfully: rahulram@gmail.com
2026-01-23 17:52:58 - TodoListAPI - INFO - User logged in successfully: rahulram@gmail.com
2026-01-23 17:53:15 - TodoListAPI - INFO - Fetching all notes for user: 6971e10eb88d67493c6b3554
2026-01-23 18:00:05 - TodoListAPI - INFO - Fetching all notes for user: 6971e10eb88d67493c6b3554
2026-01-23 18:03:46 - TodoListAPI - INFO - ..............TodoList API Shutdown....................
2026-01-23 18:03:48 - TodoListAPI - INFO - Mongodb connected successfully
2026-01-23 18:03:48 - TodoListAPI - INFO - ..............TodoList API Started.....................
2026-01-23 18:03:50 - TodoListAPI - INFO - Audit log stored successfully
2026-01-23 18:03:50 - TodoListAPI - INFO - Todo created successfully with noteid: 69736aaeec966cc4b0ee30f6 for user: rahulram@gmail.com
2026-01-23 18:05:39 - TodoListAPI - INFO - ..............TodoList API Shutdown....................
2026-01-23 18:05:43 - TodoListAPI - INFO - Mongodb connected successfully
2026-01-23 18:05:44 - TodoListAPI - INFO - ..............TodoList API Started.....................
2026-01-23 18:07:08 - TodoListAPI - INFO - ..............TodoList API Shutdown....................
2026-01-23 18:07:11 - TodoListAPI - INFO - Mongodb connected successfully
2026-01-23 18:07:11 - TodoListAPI - INFO - ..............TodoList API Started.....................
2026-01-23 18:07:16 - TodoListAPI - INFO - Audit log stored successfully
2026-01-23 18:07:16 - TodoListAPI - INFO - Todo created successfully with noteid: 69736b7cfdd10cdc2c6ccdd3 for user: rahulram@gmail.com
2026-01-23 18:07:23 - TodoListAPI - INFO - User authenticated successfully: rahulram@gmail.com
2026-01-23 18:07:23 - TodoListAPI - INFO - User logged in successfully: rahulram@gmail.com
2026-01-23 18:08:51 - TodoListAPI - INFO - Fetching all notes for user: 6971e10eb88d67493c6b3554
