2026-01-13 10:01:26 - TodoListAPI - INFO - Mongodb connected successfully
2026-01-13 10:01:26 - TodoListAPI - INFO - ..............TodoList API Started.....................
2026-01-13 10:03:52 - TodoListAPI - INFO - fetching todays notes is successfully
2026-01-13 10:03:59 - TodoListAPI - INFO - Fetching all notes is successfully
2026-01-13 10:04:38 - TodoListAPI - INFO - ..............TodoList API Shutdown....................
2026-01-13 10:04:39 - TodoListAPI - INFO - Mongodb connected successfully
2026-01-13 10:04:39 - TodoListAPI - INFO - ..............TodoList API Started.....................
2026-01-13 10:04:52 - TodoListAPI - INFO - ..............TodoList API Shutdown....................
2026-01-13 10:04:53 - TodoListAPI - INFO - Mongodb connected successfully
2026-01-13 10:04:53 - TodoListAPI - INFO - ..............TodoList API Started.....................
2026-01-13 10:07:00 - TodoListAPI - INFO - ..............TodoList API Shutdown....................
2026-01-13 10:07:01 - TodoListAPI - INFO - Mongodb connected successfully
2026-01-13 10:07:01 - TodoListAPI - INFO - ..............TodoList API Started.....................
2026-01-13 10:07:39 - TodoListAPI - INFO - ..............TodoList API Shutdown....................
2026-01-13 10:07:41 - TodoListAPI - INFO - Mongodb connected successfully
2026-01-13 10:08:41 - TodoListAPI - INFO - Mongodb connected successfully
2026-01-13 10:13:54 - TodoListAPI - INFO - Mongodb connected successfully
2026-01-13 10:14:00 - TodoListAPI - INFO - Mongodb connected successfully
2026-01-13 10:14:33 - TodoListAPI - INFO - Mongodb connected successfully
2026-01-13 10:15:05 - TodoListAPI - INFO - Mongodb connected successfully
2026-01-13 10:15:09 - TodoListAPI - INFO - Mongodb connected successfully
2026-01-13 10:17:29 - TodoListAPI - INFO - Mongodb connected successfully
2026-01-13 10:18:23 - TodoListAPI - INFO - Mongodb connected successfully
2026-01-13 10:18:23 - TodoListAPI - INFO - ..............TodoList API Started.....................
2026-01-13 10:18:36 - TodoListAPI - INFO - Todo created successfully with noteid :6965cea438f0cad3aa249534
2026-01-13 10:19:26 - TodoListAPI - INFO - Manual trigger: Testing expiry update
2026-01-13 10:19:26 - TodoListAPI - INFO - Update incomplete notes to expire
2026-01-13 10:19:26 - TodoListAPI - INFO - Expired 0 incomplete tasks
2026-01-13 10:19:51 - TodoListAPI - INFO - Fetching all notes is successfully
2026-01-13 10:23:25 - TodoListAPI - INFO - ..............TodoList API Shutdown....................
2026-01-13 10:23:26 - TodoListAPI - INFO - Mongodb connected successfully
2026-01-13 10:23:27 - TodoListAPI - INFO - ..............TodoList API Started.....................
2026-01-13 10:39:15 - TodoListAPI - INFO - ..............TodoList API Shutdown....................
2026-01-13 10:39:16 - TodoListAPI - INFO - Mongodb connected successfully
2026-01-13 10:39:16 - TodoListAPI - INFO - ..............TodoList API Started.....................
2026-01-13 10:39:18 - TodoListAPI - INFO - ..............TodoList API Shutdown....................
2026-01-13 10:39:19 - TodoListAPI - INFO - Mongodb connected successfully
2026-01-13 10:39:19 - TodoListAPI - INFO - ..............TodoList API Started.....................
2026-01-13 10:39:22 - TodoListAPI - INFO - ..............TodoList API Shutdown....................
2026-01-13 10:39:23 - TodoListAPI - INFO - Mongodb connected successfully
2026-01-13 10:39:24 - TodoListAPI - INFO - ..............TodoList API Started.....................
2026-01-13 10:39:28 - TodoListAPI - INFO - ..............TodoList API Shutdown....................
2026-01-13 10:39:29 - TodoListAPI - INFO - Mongodb connected successfully
2026-01-13 10:39:29 - TodoListAPI - INFO - ..............TodoList API Started.....................
2026-01-13 10:39:57 - TodoListAPI - INFO - Manual trigger: Testing expiry update
2026-01-13 10:39:57 - TodoListAPI - INFO - Update incomplete notes to expire
2026-01-13 10:39:57 - TodoListAPI - INFO - Expired 0 incomplete tasks
2026-01-13 10:45:08 - TodoListAPI - INFO - Manual trigger: Testing expiry update
2026-01-13 10:45:08 - TodoListAPI - INFO - Update incomplete notes to expire
2026-01-13 10:45:08 - TodoListAPI - INFO - Expired 0 incomplete tasks
2026-01-13 10:45:32 - TodoListAPI - INFO - ..............TodoList API Shutdown....................
2026-01-13 10:45:34 - TodoListAPI - INFO - Mongodb connected successfully
2026-01-13 10:45:34 - TodoListAPI - INFO - ..............TodoList API Started.....................
2026-01-13 10:45:38 - TodoListAPI - INFO - Manual trigger: Testing expiry update
2026-01-13 10:45:38 - TodoListAPI - INFO - Update incomplete notes to expire
2026-01-13 10:45:38 - TodoListAPI - INFO - Expired 5 incomplete tasks
2026-01-13 11:03:11 - TodoListAPI - ERROR - Error updating date for note 696466ea8af326b8129f6408: projection must be a mapping or list of key names
2026-01-13 11:05:04 - TodoListAPI - ERROR - Error updating date for note 696486eb622a13039bfda220: projection must be a mapping or list of key names
2026-01-13 11:05:19 - TodoListAPI - ERROR - Error updating date for note 696486eb622a13039bfda220: projection must be a mapping or list of key names
2026-01-13 11:05:43 - TodoListAPI - ERROR - Error updating date for note 6963d3cc40bd7222d9503cd1: projection must be a mapping or list of key names
2026-01-13 11:10:19 - TodoListAPI - ERROR - Error updating date for note 6963d3cc40bd7222d9503cd1: projection must be a mapping or list of key names
2026-01-13 11:10:22 - TodoListAPI - INFO - ..............TodoList API Shutdown....................
2026-01-13 11:10:23 - TodoListAPI - INFO - Mongodb connected successfully
2026-01-13 11:10:23 - TodoListAPI - INFO - ..............TodoList API Started.....................
2026-01-13 11:10:27 - TodoListAPI - INFO - Date updated successfully for note 6963d3cc40bd7222d9503cd1 to 2026-01-12
2026-01-13 12:27:00 - TodoListAPI - INFO - ..............TodoList API Shutdown....................
2026-01-13 12:27:02 - TodoListAPI - INFO - Mongodb connected successfully
2026-01-13 12:27:02 - TodoListAPI - INFO - ..............TodoList API Started.....................
2026-01-13 12:27:02 - TodoListAPI - INFO - ..............TodoList API Shutdown....................
2026-01-13 12:27:04 - TodoListAPI - INFO - Mongodb connected successfully
2026-01-13 12:27:04 - TodoListAPI - INFO - ..............TodoList API Started.....................
2026-01-13 12:27:12 - TodoListAPI - INFO - ..............TodoList API Shutdown....................
2026-01-13 12:27:13 - TodoListAPI - INFO - Mongodb connected successfully
2026-01-13 12:27:13 - TodoListAPI - INFO - ..............TodoList API Started.....................
2026-01-13 12:27:14 - TodoListAPI - INFO - ..............TodoList API Shutdown....................
2026-01-13 12:27:16 - TodoListAPI - INFO - Mongodb connected successfully
2026-01-13 12:27:16 - TodoListAPI - INFO - ..............TodoList API Started.....................
2026-01-13 12:27:17 - TodoListAPI - INFO - ..............TodoList API Shutdown....................
2026-01-13 12:27:18 - TodoListAPI - INFO - Mongodb connected successfully
2026-01-13 12:27:18 - TodoListAPI - INFO - ..............TodoList API Started.....................
2026-01-13 12:27:21 - TodoListAPI - INFO - ..............TodoList API Shutdown....................
2026-01-13 12:27:23 - TodoListAPI - INFO - Mongodb connected successfully
2026-01-13 12:27:23 - TodoListAPI - INFO - ..............TodoList API Started.....................
2026-01-13 12:27:26 - TodoListAPI - INFO - ..............TodoList API Shutdown....................
2026-01-13 12:27:27 - TodoListAPI - INFO - Mongodb connected successfully
2026-01-13 12:27:27 - TodoListAPI - INFO - ..............TodoList API Started.....................
2026-01-13 12:27:31 - TodoListAPI - INFO - ..............TodoList API Shutdown....................
2026-01-13 12:27:32 - TodoListAPI - INFO - Mongodb connected successfully
2026-01-13 12:27:32 - TodoListAPI - INFO - ..............TodoList API Started.....................
2026-01-13 12:27:34 - TodoListAPI - INFO - ..............TodoList API Shutdown....................
2026-01-13 12:27:35 - TodoListAPI - INFO - Mongodb connected successfully
2026-01-13 12:27:36 - TodoListAPI - INFO - ..............TodoList API Started.....................
2026-01-13 12:27:37 - TodoListAPI - INFO - ..............TodoList API Shutdown....................
2026-01-13 12:27:39 - TodoListAPI - INFO - Mongodb connected successfully
2026-01-13 12:27:39 - TodoListAPI - INFO - ..............TodoList API Started.....................
2026-01-13 12:27:41 - TodoListAPI - INFO - ..............TodoList API Shutdown....................
2026-01-13 12:27:42 - TodoListAPI - INFO - Mongodb connected successfully
2026-01-13 12:27:42 - TodoListAPI - INFO - ..............TodoList API Started.....................
2026-01-13 12:27:45 - TodoListAPI - INFO - ..............TodoList API Shutdown....................
2026-01-13 12:27:46 - TodoListAPI - INFO - Mongodb connected successfully
2026-01-13 12:27:47 - TodoListAPI - INFO - ..............TodoList API Started.....................
2026-01-13 12:28:08 - TodoListAPI - INFO - ..............TodoList API Shutdown....................
2026-01-13 12:28:09 - TodoListAPI - INFO - Mongodb connected successfully
2026-01-13 12:28:09 - TodoListAPI - INFO - ..............TodoList API Started.....................
2026-01-13 12:28:15 - TodoListAPI - INFO - ..............TodoList API Shutdown....................
2026-01-13 12:28:17 - TodoListAPI - INFO - Mongodb connected successfully
2026-01-13 12:28:17 - TodoListAPI - INFO - ..............TodoList API Started.....................
2026-01-13 12:28:19 - TodoListAPI - INFO - ..............TodoList API Shutdown....................
2026-01-13 12:28:20 - TodoListAPI - INFO - Mongodb connected successfully
2026-01-13 12:28:20 - TodoListAPI - INFO - ..............TodoList API Started.....................
2026-01-13 12:28:21 - TodoListAPI - INFO - ..............TodoList API Shutdown....................
2026-01-13 12:28:22 - TodoListAPI - INFO - Mongodb connected successfully
2026-01-13 12:28:22 - TodoListAPI - INFO - ..............TodoList API Started.....................
2026-01-13 12:28:24 - TodoListAPI - INFO - ..............TodoList API Shutdown....................
2026-01-13 12:28:25 - TodoListAPI - INFO - Mongodb connected successfully
2026-01-13 12:28:25 - TodoListAPI - INFO - ..............TodoList API Started.....................
2026-01-13 12:28:28 - TodoListAPI - INFO - ..............TodoList API Shutdown....................
2026-01-13 12:28:29 - TodoListAPI - INFO - Mongodb connected successfully
2026-01-13 12:28:29 - TodoListAPI - INFO - ..............TodoList API Started.....................
2026-01-13 12:28:31 - TodoListAPI - INFO - ..............TodoList API Shutdown....................
2026-01-13 12:28:32 - TodoListAPI - INFO - Mongodb connected successfully
2026-01-13 12:28:32 - TodoListAPI - INFO - ..............TodoList API Started.....................
2026-01-13 12:28:40 - TodoListAPI - INFO - ..............TodoList API Shutdown....................
2026-01-13 12:28:42 - TodoListAPI - INFO - Mongodb connected successfully
2026-01-13 12:28:42 - TodoListAPI - INFO - ..............TodoList API Started.....................
2026-01-13 12:28:43 - TodoListAPI - INFO - ..............TodoList API Shutdown....................
2026-01-13 12:28:44 - TodoListAPI - INFO - Mongodb connected successfully
2026-01-13 12:28:45 - TodoListAPI - INFO - ..............TodoList API Started.....................
2026-01-13 12:28:58 - TodoListAPI - INFO - ..............TodoList API Shutdown....................
2026-01-13 12:28:59 - TodoListAPI - INFO - Mongodb connected successfully
2026-01-13 12:28:59 - TodoListAPI - INFO - ..............TodoList API Started.....................
2026-01-13 12:29:27 - TodoListAPI - INFO - ..............TodoList API Shutdown....................
2026-01-13 12:29:29 - TodoListAPI - INFO - Mongodb connected successfully
2026-01-13 12:29:29 - TodoListAPI - INFO - ..............TodoList API Started.....................
2026-01-13 12:29:33 - TodoListAPI - INFO - ..............TodoList API Shutdown....................
2026-01-13 12:29:34 - TodoListAPI - INFO - Mongodb connected successfully
2026-01-13 12:29:34 - TodoListAPI - INFO - ..............TodoList API Started.....................
2026-01-13 12:29:37 - TodoListAPI - INFO - ..............TodoList API Shutdown....................
2026-01-13 12:29:39 - TodoListAPI - INFO - Mongodb connected successfully
2026-01-13 12:29:39 - TodoListAPI - INFO - ..............TodoList API Started.....................
2026-01-13 12:29:41 - TodoListAPI - INFO - ..............TodoList API Shutdown....................
2026-01-13 12:29:42 - TodoListAPI - INFO - Mongodb connected successfully
2026-01-13 12:29:42 - TodoListAPI - INFO - ..............TodoList API Started.....................
2026-01-13 12:49:50 - TodoListAPI - INFO - ..............TodoList API Shutdown....................
2026-01-13 12:49:52 - TodoListAPI - INFO - Mongodb connected successfully
2026-01-13 12:49:52 - TodoListAPI - INFO - ..............TodoList API Started.....................
2026-01-13 12:50:00 - TodoListAPI - INFO - ..............TodoList API Shutdown....................
2026-01-13 12:50:02 - TodoListAPI - INFO - Mongodb connected successfully
2026-01-13 12:50:02 - TodoListAPI - INFO - ..............TodoList API Started.....................
2026-01-13 12:50:02 - TodoListAPI - INFO - ..............TodoList API Shutdown....................
2026-01-13 12:50:04 - TodoListAPI - INFO - Mongodb connected successfully
2026-01-13 12:50:04 - TodoListAPI - INFO - ..............TodoList API Started.....................
2026-01-13 12:50:07 - TodoListAPI - INFO - ..............TodoList API Shutdown....................
2026-01-13 12:50:09 - TodoListAPI - INFO - Mongodb connected successfully
2026-01-13 12:50:09 - TodoListAPI - INFO - ..............TodoList API Started.....................
2026-01-13 12:50:11 - TodoListAPI - INFO - ..............TodoList API Shutdown....................
2026-01-13 12:50:13 - TodoListAPI - INFO - Mongodb connected successfully
2026-01-13 12:50:13 - TodoListAPI - INFO - ..............TodoList API Started.....................
2026-01-13 12:50:14 - TodoListAPI - INFO - ..............TodoList API Shutdown....................
2026-01-13 12:50:16 - TodoListAPI - INFO - Mongodb connected successfully
2026-01-13 12:50:16 - TodoListAPI - INFO - ..............TodoList API Started.....................
2026-01-13 12:50:17 - TodoListAPI - INFO - ..............TodoList API Shutdown....................
2026-01-13 12:50:19 - TodoListAPI - INFO - Mongodb connected successfully
2026-01-13 12:50:19 - TodoListAPI - INFO - ..............TodoList API Started.....................
2026-01-13 12:50:21 - TodoListAPI - INFO - ..............TodoList API Shutdown....................
2026-01-13 12:50:23 - TodoListAPI - INFO - Mongodb connected successfully
2026-01-13 12:50:23 - TodoListAPI - INFO - ..............TodoList API Started.....................
2026-01-13 12:50:24 - TodoListAPI - INFO - ..............TodoList API Shutdown....................
2026-01-13 12:50:26 - TodoListAPI - INFO - Mongodb connected successfully
2026-01-13 12:50:26 - TodoListAPI - INFO - ..............TodoList API Started.....................
2026-01-13 12:50:28 - TodoListAPI - INFO - ..............TodoList API Shutdown....................
2026-01-13 12:50:30 - TodoListAPI - INFO - Mongodb connected successfully
2026-01-13 12:50:30 - TodoListAPI - INFO - ..............TodoList API Started.....................
2026-01-13 12:50:34 - TodoListAPI - INFO - ..............TodoList API Shutdown....................
2026-01-13 12:50:36 - TodoListAPI - INFO - Mongodb connected successfully
2026-01-13 12:50:36 - TodoListAPI - INFO - ..............TodoList API Started.....................
2026-01-13 12:55:58 - TodoListAPI - INFO - ..............TodoList API Shutdown....................
2026-01-13 12:55:59 - TodoListAPI - INFO - Mongodb connected successfully
2026-01-13 12:55:59 - TodoListAPI - INFO - ..............TodoList API Started.....................
2026-01-13 12:56:27 - TodoListAPI - INFO - ..............TodoList API Shutdown....................
2026-01-13 12:56:29 - TodoListAPI - INFO - Mongodb connected successfully
2026-01-13 12:56:29 - TodoListAPI - INFO - ..............TodoList API Started.....................
2026-01-13 12:56:29 - TodoListAPI - INFO - ..............TodoList API Shutdown....................
2026-01-13 12:56:31 - TodoListAPI - INFO - Mongodb connected successfully
2026-01-13 12:56:31 - TodoListAPI - INFO - ..............TodoList API Started.....................
2026-01-13 12:57:21 - TodoListAPI - INFO - ..............TodoList API Shutdown....................
2026-01-13 12:57:23 - TodoListAPI - INFO - Mongodb connected successfully
2026-01-13 12:57:23 - TodoListAPI - INFO - ..............TodoList API Started.....................
2026-01-13 12:57:40 - TodoListAPI - INFO - ..............TodoList API Shutdown....................
2026-01-13 12:57:42 - TodoListAPI - INFO - Mongodb connected successfully
2026-01-13 12:57:42 - TodoListAPI - INFO - ..............TodoList API Started.....................
2026-01-13 14:43:05 - TodoListAPI - INFO - ..............TodoList API Shutdown....................
2026-01-13 14:43:08 - TodoListAPI - INFO - Mongodb connected successfully
2026-01-13 14:58:51 - TodoListAPI - INFO - Mongodb connected successfully
2026-01-13 14:59:11 - TodoListAPI - INFO - Mongodb connected successfully
2026-01-13 14:59:11 - TodoListAPI - INFO - ..............TodoList API Started.....................
2026-01-13 14:59:37 - TodoListAPI - INFO - ..............TodoList API Shutdown....................
2026-01-13 14:59:39 - TodoListAPI - INFO - Mongodb connected successfully
2026-01-13 14:59:39 - TodoListAPI - INFO - ..............TodoList API Started.....................
2026-01-13 15:19:48 - TodoListAPI - INFO - ..............TodoList API Shutdown....................
2026-01-13 15:19:50 - TodoListAPI - INFO - Mongodb connected successfully
2026-01-13 15:19:50 - TodoListAPI - INFO - ..............TodoList API Started.....................
2026-01-13 15:21:58 - TodoListAPI - ERROR - Error fetching logs for note_id 6965cea438f0cad3aa249534: type object 'AuditLog' has no attribute 'get_logs_by_note_id'
2026-01-13 15:22:13 - TodoListAPI - ERROR - Error fetching logs for note_id 6965cea438f0cad3aa249534: type object 'AuditLog' has no attribute 'get_logs_by_note_id'
2026-01-13 15:22:41 - TodoListAPI - INFO - ..............TodoList API Shutdown....................
2026-01-13 15:22:43 - TodoListAPI - INFO - Mongodb connected successfully
2026-01-13 15:22:43 - TodoListAPI - INFO - ..............TodoList API Started.....................
2026-01-13 15:22:47 - TodoListAPI - ERROR - Could not retrieve by id: 6965cea438f0cad3aa249534
2026-01-13 15:22:47 - TodoListAPI - INFO - Fetching logs for note_id: 6965cea438f0cad3aa249534
2026-01-13 15:23:22 - TodoListAPI - INFO - details stored in log in mongoDB
2026-01-13 15:23:22 - TodoListAPI - INFO - TodoList Updated 6965cea438f0cad3aa249534
2026-01-13 15:23:32 - TodoListAPI - ERROR - Could not retrieve by id: 6965cea438f0cad3aa249534
2026-01-13 15:23:32 - TodoListAPI - INFO - Fetching logs for note_id: 6965cea438f0cad3aa249534
2026-01-13 15:25:12 - TodoListAPI - INFO - ..............TodoList API Shutdown....................
2026-01-13 15:25:14 - TodoListAPI - INFO - Mongodb connected successfully
2026-01-13 15:25:14 - TodoListAPI - INFO - ..............TodoList API Started.....................
2026-01-13 15:26:52 - TodoListAPI - INFO - ..............TodoList API Shutdown....................
2026-01-13 15:26:54 - TodoListAPI - INFO - Mongodb connected successfully
2026-01-13 15:26:54 - TodoListAPI - INFO - ..............TodoList API Started.....................
2026-01-13 15:26:55 - TodoListAPI - ERROR - Could not retrieve by id: 6965cea438f0cad3aa249534
2026-01-13 15:26:55 - TodoListAPI - INFO - Fetching logs for note_id: 6965cea438f0cad3aa249534
2026-01-13 15:27:03 - TodoListAPI - ERROR - Could not retrieve by id: 6965cea438f0cad3aa249534
2026-01-13 15:27:03 - TodoListAPI - INFO - Fetching logs for note_id: 6965cea438f0cad3aa249534
2026-01-13 15:30:48 - TodoListAPI - INFO - ..............TodoList API Shutdown....................
2026-01-13 15:30:50 - TodoListAPI - INFO - Mongodb connected successfully
2026-01-13 15:30:50 - TodoListAPI - INFO - ..............TodoList API Started.....................
2026-01-13 15:30:53 - TodoListAPI - ERROR - Could not retrieve by id: 6965cea438f0cad3aa249534
2026-01-13 15:30:53 - TodoListAPI - INFO - Fetching logs for note_id: 6965cea438f0cad3aa249534
2026-01-13 15:33:11 - TodoListAPI - INFO - ..............TodoList API Shutdown....................
2026-01-13 15:33:13 - TodoListAPI - INFO - Mongodb connected successfully
2026-01-13 15:33:13 - TodoListAPI - INFO - ..............TodoList API Started.....................
2026-01-13 15:33:32 - TodoListAPI - INFO - Retrieved 1 logs for note_id: 6965cea438f0cad3aa249534
2026-01-13 15:33:32 - TodoListAPI - INFO - Fetching logs for note_id: 6965cea438f0cad3aa249534
2026-01-13 15:34:20 - TodoListAPI - INFO - ..............TodoList API Shutdown....................
2026-01-13 15:34:22 - TodoListAPI - INFO - Mongodb connected successfully
2026-01-13 15:34:22 - TodoListAPI - INFO - ..............TodoList API Started.....................
2026-01-13 15:34:38 - TodoListAPI - ERROR - Could not retrieve by id: 6965cea438f0cad3aa24953
2026-01-13 15:34:38 - TodoListAPI - INFO - Fetching logs for note_id: 6965cea438f0cad3aa24953
2026-01-13 15:34:44 - TodoListAPI - INFO - Retrieved 1 logs for note_id: 6965cea438f0cad3aa249534
2026-01-13 15:34:44 - TodoListAPI - INFO - Fetching logs for note_id: 6965cea438f0cad3aa249534
2026-01-13 15:35:08 - TodoListAPI - ERROR - Error in retreive all logs
2026-01-13 15:35:08 - TodoListAPI - INFO - Fetching all audit logs
2026-01-13 15:37:20 - TodoListAPI - INFO - ..............TodoList API Shutdown....................
2026-01-13 15:37:22 - TodoListAPI - INFO - Mongodb connected successfully
2026-01-13 15:37:22 - TodoListAPI - INFO - ..............TodoList API Started.....................
2026-01-13 15:37:24 - TodoListAPI - ERROR - Error in retreive all logs
2026-01-13 15:37:24 - TodoListAPI - INFO - Fetching all audit logs
2026-01-13 15:39:23 - TodoListAPI - INFO - ..............TodoList API Shutdown....................
2026-01-13 15:39:25 - TodoListAPI - INFO - Mongodb connected successfully
2026-01-13 15:39:25 - TodoListAPI - INFO - ..............TodoList API Started.....................
2026-01-13 15:39:27 - TodoListAPI - INFO - Retrieved total 1 logs
2026-01-13 15:39:27 - TodoListAPI - INFO - Fetching all audit logs
2026-01-13 15:40:24 - TodoListAPI - INFO - details stored in log in mongoDB
2026-01-13 15:40:24 - TodoListAPI - INFO - Date updated successfully for note 6963d3cc40bd7222d9503cd1 to 2026-01-11
2026-01-13 15:40:39 - TodoListAPI - INFO - Retrieved total 2 logs
2026-01-13 15:40:39 - TodoListAPI - INFO - Fetching all audit logs
2026-01-13 15:52:23 - TodoListAPI - INFO - ..............TodoList API Shutdown....................
2026-01-13 15:52:25 - TodoListAPI - INFO - Mongodb connected successfully
2026-01-13 15:52:25 - TodoListAPI - INFO - ..............TodoList API Started.....................
2026-01-13 15:52:31 - TodoListAPI - INFO - ..............TodoList API Shutdown....................
2026-01-13 15:52:33 - TodoListAPI - INFO - Mongodb connected successfully
2026-01-13 15:52:33 - TodoListAPI - INFO - ..............TodoList API Started.....................
